QueryID:,126
QueryCluster:,1
TimeInSeconds:,0.018
ResultCount:,9
QueryID:,127
QueryCluster:,2
TimeInSeconds:,0.026
ResultCount:,8
QueryID:,128
QueryCluster:,3
TimeInSeconds:,0.47
ResultCount:,10
QueryID:,129
QueryCluster:,4
TimeInSeconds:,0.023
ResultCount:,1
QueryID:,130
QueryCluster:,5
TimeInSeconds:,0.016
ResultCount:,10
QueryID:,131
QueryCluster:,6
TimeInSeconds:,0.014
ResultCount:,3
QueryID:,132
QueryCluster:,7
TimeInSeconds:,0.022
ResultCount:,3
QueryID:,133
QueryCluster:,8
TimeInSeconds:,0.168
ResultCount:,10
QueryID:,134
QueryCluster:,9
TimeInSeconds:,0.022
ResultCount:,10
QueryID:,135
QueryCluster:,10
TimeInSeconds:,1.196
ResultCount:,10
QueryID:,136
QueryCluster:,11
TimeInSeconds:,0.013
ResultCount:,1
QueryID:,137
QueryCluster:,12
TimeInSeconds:,0.016
ResultCount:,10
QueryID:,138
QueryCluster:,13
TimeInSeconds:,0.021
ResultCount:,10
QueryID:,139
QueryCluster:,14
TimeInSeconds:,0.016
ResultCount:,2
QueryID:,140
QueryCluster:,15
TimeInSeconds:,0.012
ResultCount:,1
QueryID:,141
QueryCluster:,16
TimeInSeconds:,0.027
ResultCount:,1
QueryID:,142
QueryCluster:,17
TimeInSeconds:,0.695
ResultCount:,10
QueryID:,143
QueryCluster:,18
TimeInSeconds:,0.028
ResultCount:,1
QueryID:,144
QueryCluster:,19
TimeInSeconds:,0.012
ResultCount:,1
QueryID:,145
QueryCluster:,20
TimeInSeconds:,0.024
ResultCount:,0
QueryID:,146
QueryCluster:,21
TimeInSeconds:,0.021
ResultCount:,10
QueryID:,147
QueryCluster:,22
TimeInSeconds:,0.044
ResultCount:,1
QueryID:,148
QueryCluster:,23
TimeInSeconds:,0.21
ResultCount:,10
QueryID:,149
QueryCluster:,24
TimeInSeconds:,0.018
ResultCount:,10
QueryID:,150
QueryCluster:,25
TimeInSeconds:,0.018
ResultCount:,1
QueryID:,151
QueryCluster:,1
TimeInSeconds:,0.014
ResultCount:,4
QueryID:,152
QueryCluster:,2
TimeInSeconds:,0.021
ResultCount:,1
QueryID:,153
QueryCluster:,3
TimeInSeconds:,0.357
ResultCount:,10
QueryID:,154
QueryCluster:,4
TimeInSeconds:,0.021
ResultCount:,1
QueryID:,155
QueryCluster:,5
TimeInSeconds:,0.012
ResultCount:,1
QueryID:,156
QueryCluster:,6
TimeInSeconds:,243.877
ResultCount:,10
QueryID:,157
QueryCluster:,7
TimeInSeconds:,0.015
ResultCount:,7
QueryID:,158
QueryCluster:,8
TimeInSeconds:,0.14
ResultCount:,10
QueryID:,159
QueryCluster:,9
TimeInSeconds:,0.019
ResultCount:,10
QueryID:,160
QueryCluster:,10
TimeInSeconds:,1.208
ResultCount:,10
QueryID:,161
QueryCluster:,11
TimeInSeconds:,0.013
ResultCount:,1
QueryID:,162
QueryCluster:,12
TimeInSeconds:,0.016
ResultCount:,8
QueryID:,163
QueryCluster:,13
TimeInSeconds:,0.02
ResultCount:,10
QueryID:,164
QueryCluster:,14
TimeInSeconds:,0.015
ResultCount:,2
QueryID:,165
QueryCluster:,15
TimeInSeconds:,38.808
ResultCount:,2
QueryID:,166
QueryCluster:,16
TimeInSeconds:,0.019
ResultCount:,10
QueryID:,167
QueryCluster:,17
TimeInSeconds:,0.256
ResultCount:,10
QueryID:,168
QueryCluster:,18
TimeInSeconds:,0.026
ResultCount:,1
QueryID:,169
QueryCluster:,19
TimeInSeconds:,0.012
ResultCount:,6
QueryID:,170
QueryCluster:,20
TimeInSeconds:,0.03
ResultCount:,4
QueryID:,171
QueryCluster:,21
TimeInSeconds:,0.029
ResultCount:,5
QueryID:,172
QueryCluster:,22
TimeInSeconds:,0.04
ResultCount:,2
QueryID:,173
QueryCluster:,23
TimeInSeconds:,0.213
ResultCount:,10
QueryID:,174
QueryCluster:,24
TimeInSeconds:,0.017
ResultCount:,10
QueryID:,175
QueryCluster:,25
TimeInSeconds:,0.018
ResultCount:,4
QueryID:,176
QueryCluster:,1
TimeInSeconds:,0.015
ResultCount:,10
QueryID:,177
QueryCluster:,2
TimeInSeconds:,0.019
ResultCount:,1
QueryID:,178
QueryCluster:,3
TimeInSeconds:,0.557
ResultCount:,10
QueryID:,179
QueryCluster:,4
TimeInSeconds:,0.019
ResultCount:,1
QueryID:,180
QueryCluster:,5
TimeInSeconds:,0.012
ResultCount:,1
QueryID:,181
QueryCluster:,6
TimeInSeconds:,0.013
ResultCount:,10
QueryID:,182
QueryCluster:,7
TimeInSeconds:,0.014
ResultCount:,4
QueryID:,183
QueryCluster:,8
TimeInSeconds:,0.142
ResultCount:,10
QueryID:,184
QueryCluster:,9
TimeInSeconds:,0.014
ResultCount:,10
QueryID:,185
QueryCluster:,10
TimeInSeconds:,0.032
ResultCount:,10
QueryID:,186
QueryCluster:,11
TimeInSeconds:,0.013
ResultCount:,1
QueryID:,187
QueryCluster:,12
TimeInSeconds:,0.012
ResultCount:,2
QueryID:,188
QueryCluster:,13
TimeInSeconds:,0.014
ResultCount:,10
QueryID:,189
QueryCluster:,14
TimeInSeconds:,0.015
ResultCount:,2
QueryID:,190
QueryCluster:,15
TimeInSeconds:,0.012
ResultCount:,4
QueryID:,191
QueryCluster:,16
TimeInSeconds:,0.025
ResultCount:,1
QueryID:,192
QueryCluster:,17
TimeInSeconds:,0.533
ResultCount:,1
QueryID:,193
QueryCluster:,18
TimeInSeconds:,0.025
ResultCount:,1
QueryID:,194
QueryCluster:,19
TimeInSeconds:,0.011
ResultCount:,3
QueryID:,195
QueryCluster:,20
TimeInSeconds:,0.023
ResultCount:,0
QueryID:,196
QueryCluster:,21
TimeInSeconds:,1.673
ResultCount:,1
QueryID:,197
QueryCluster:,22
TimeInSeconds:,0.036
ResultCount:,1
QueryID:,198
QueryCluster:,23
TimeInSeconds:,0.024
ResultCount:,10
QueryID:,199
QueryCluster:,24
TimeInSeconds:,0.017
ResultCount:,10
QueryID:,200
QueryCluster:,25
TimeInSeconds:,0.016
ResultCount:,1
QueryID:,201
QueryCluster:,1
TimeInSeconds:,0.013
ResultCount:,1
QueryID:,202
QueryCluster:,2
TimeInSeconds:,0.019
ResultCount:,4
QueryID:,203
QueryCluster:,3
TimeInSeconds:,0.324
ResultCount:,10
QueryID:,204
QueryCluster:,4
TimeInSeconds:,0.02
ResultCount:,1
QueryID:,205
QueryCluster:,5
TimeInSeconds:,0.011
ResultCount:,1
QueryID:,206
QueryCluster:,6
TimeInSeconds:,236.153
ResultCount:,10
QueryID:,207
QueryCluster:,7
TimeInSeconds:,0.024
ResultCount:,2
QueryID:,208
QueryCluster:,8
TimeInSeconds:,0.142
ResultCount:,10
QueryID:,209
QueryCluster:,9
TimeInSeconds:,0.014
ResultCount:,6
QueryID:,210
QueryCluster:,10
TimeInSeconds:,0.03
ResultCount:,10
QueryID:,211
QueryCluster:,11
TimeInSeconds:,0.012
ResultCount:,1
QueryID:,212
QueryCluster:,12
TimeInSeconds:,0.012
ResultCount:,6
QueryID:,213
QueryCluster:,13
TimeInSeconds:,0.018
ResultCount:,10
QueryID:,214
QueryCluster:,14
TimeInSeconds:,0.014
ResultCount:,2
QueryID:,215
QueryCluster:,15
TimeInSeconds:,0.011
ResultCount:,1
QueryID:,216
QueryCluster:,16
TimeInSeconds:,0.014
ResultCount:,1
QueryID:,217
QueryCluster:,17
TimeInSeconds:,0.624
ResultCount:,10
QueryID:,218
QueryCluster:,18
TimeInSeconds:,0.024
ResultCount:,1
QueryID:,219
QueryCluster:,19
TimeInSeconds:,0.011
ResultCount:,1
QueryID:,220
QueryCluster:,20
TimeInSeconds:,0.017
ResultCount:,0
QueryID:,221
QueryCluster:,21
TimeInSeconds:,0.036
ResultCount:,1
QueryID:,222
QueryCluster:,22
TimeInSeconds:,0.033
ResultCount:,2
QueryID:,223
QueryCluster:,23
TimeInSeconds:,0.208
ResultCount:,10
QueryID:,224
QueryCluster:,24
TimeInSeconds:,0.016
ResultCount:,10
QueryID:,225
QueryCluster:,25
TimeInSeconds:,0.017
ResultCount:,4
QueryID:,226
QueryCluster:,1
TimeInSeconds:,0.015
ResultCount:,7
QueryID:,227
QueryCluster:,2
TimeInSeconds:,0.021
ResultCount:,8
QueryID:,228
QueryCluster:,3
TimeInSeconds:,0.02
ResultCount:,10
QueryID:,229
QueryCluster:,4
TimeInSeconds:,0.019
ResultCount:,1
QueryID:,230
QueryCluster:,5
TimeInSeconds:,0.011
ResultCount:,1
QueryID:,231
QueryCluster:,6
TimeInSeconds:,0.012
ResultCount:,10
QueryID:,232
QueryCluster:,7
TimeInSeconds:,0.017
ResultCount:,10
QueryID:,233
QueryCluster:,8
TimeInSeconds:,0.149
ResultCount:,10
QueryID:,234
QueryCluster:,9
TimeInSeconds:,0.022
ResultCount:,10
QueryID:,235
QueryCluster:,10
TimeInSeconds:,0.03
ResultCount:,10
QueryID:,236
QueryCluster:,11
TimeInSeconds:,0.012
ResultCount:,1
QueryID:,237
QueryCluster:,12
TimeInSeconds:,0.012
ResultCount:,10
QueryID:,238
QueryCluster:,13
TimeInSeconds:,0.011
ResultCount:,3
QueryID:,239
QueryCluster:,14
TimeInSeconds:,0.014
ResultCount:,2
QueryID:,240
QueryCluster:,15
TimeInSeconds:,0.012
ResultCount:,9
QueryID:,241
QueryCluster:,16
TimeInSeconds:,0.022
ResultCount:,1
QueryID:,242
QueryCluster:,17
TimeInSeconds:,0.021
ResultCount:,6
QueryID:,243
QueryCluster:,18
TimeInSeconds:,0.023
ResultCount:,1
QueryID:,244
QueryCluster:,19
TimeInSeconds:,0.011
ResultCount:,1
QueryID:,245
QueryCluster:,20
TimeInSeconds:,0.017
ResultCount:,0
QueryID:,246
QueryCluster:,21
TimeInSeconds:,0.013
ResultCount:,2
QueryID:,247
QueryCluster:,22
TimeInSeconds:,0.011
ResultCount:,4
QueryID:,248
QueryCluster:,23
TimeInSeconds:,0.213
ResultCount:,10
QueryID:,249
QueryCluster:,24
TimeInSeconds:,0.016
ResultCount:,10
QueryID:,250
QueryCluster:,25
TimeInSeconds:,0.015
ResultCount:,1
QueryID:,251
QueryCluster:,1
TimeInSeconds:,0.014
ResultCount:,5
QueryID:,252
QueryCluster:,2
TimeInSeconds:,0.019
ResultCount:,4
QueryID:,253
QueryCluster:,3
TimeInSeconds:,0.352
ResultCount:,10
QueryID:,254
QueryCluster:,4
TimeInSeconds:,0.018
ResultCount:,2
QueryID:,255
QueryCluster:,5
TimeInSeconds:,0.011
ResultCount:,1
QueryID:,256
QueryCluster:,6
TimeInSeconds:,0.248
ResultCount:,10
QueryID:,257
QueryCluster:,7
TimeInSeconds:,0.012
ResultCount:,1
QueryID:,258
QueryCluster:,8
TimeInSeconds:,0.138
ResultCount:,10
QueryID:,259
QueryCluster:,9
TimeInSeconds:,7.686
ResultCount:,10
QueryID:,260
QueryCluster:,10
TimeInSeconds:,0.029
ResultCount:,10
QueryID:,261
QueryCluster:,11
TimeInSeconds:,0.012
ResultCount:,1
QueryID:,262
QueryCluster:,12
TimeInSeconds:,0.012
ResultCount:,10
QueryID:,263
QueryCluster:,13
TimeInSeconds:,0.017
ResultCount:,10
QueryID:,264
QueryCluster:,14
TimeInSeconds:,0.013
ResultCount:,2
QueryID:,265
QueryCluster:,15
TimeInSeconds:,0.011
ResultCount:,2
QueryID:,266
QueryCluster:,16
TimeInSeconds:,0.017
ResultCount:,10
QueryID:,267
QueryCluster:,17
TimeInSeconds:,0.016
ResultCount:,5
QueryID:,268
QueryCluster:,18
TimeInSeconds:,0.022
ResultCount:,1
QueryID:,269
QueryCluster:,19
TimeInSeconds:,0.01
ResultCount:,4
QueryID:,270
QueryCluster:,20
TimeInSeconds:,0.017
ResultCount:,0
QueryID:,271
QueryCluster:,21
TimeInSeconds:,0.016
ResultCount:,10
QueryID:,272
QueryCluster:,22
TimeInSeconds:,0.012
ResultCount:,6
QueryID:,273
QueryCluster:,23
TimeInSeconds:,0.109
ResultCount:,10
QueryID:,274
QueryCluster:,24
TimeInSeconds:,0.015
ResultCount:,10
QueryID:,275
QueryCluster:,25
TimeInSeconds:,0.018
ResultCount:,10
QueryID:,276
QueryCluster:,1
TimeInSeconds:,0.013
ResultCount:,1
QueryID:,277
QueryCluster:,2
TimeInSeconds:,0.017
ResultCount:,1
QueryID:,278
QueryCluster:,3
TimeInSeconds:,0.355
ResultCount:,10
QueryID:,279
QueryCluster:,4
TimeInSeconds:,0.02
ResultCount:,8
QueryID:,280
QueryCluster:,5
TimeInSeconds:,0.011
ResultCount:,1
QueryID:,281
QueryCluster:,6
TimeInSeconds:,0.011
ResultCount:,10
QueryID:,282
QueryCluster:,7
TimeInSeconds:,0.02
ResultCount:,3
QueryID:,283
QueryCluster:,8
TimeInSeconds:,0.015
ResultCount:,10
QueryID:,284
QueryCluster:,9
TimeInSeconds:,0.023
ResultCount:,10
QueryID:,285
QueryCluster:,10
TimeInSeconds:,1.209
ResultCount:,10
QueryID:,286
QueryCluster:,11
TimeInSeconds:,0.011
ResultCount:,1
QueryID:,287
QueryCluster:,12
TimeInSeconds:,0.011
ResultCount:,2
QueryID:,288
QueryCluster:,13
TimeInSeconds:,0.011
ResultCount:,2
QueryID:,289
QueryCluster:,14
TimeInSeconds:,0.02
ResultCount:,10
QueryID:,290
QueryCluster:,15
TimeInSeconds:,38.102
ResultCount:,9
QueryID:,291
QueryCluster:,16
TimeInSeconds:,0.014
ResultCount:,1
QueryID:,292
QueryCluster:,17
TimeInSeconds:,6.496
ResultCount:,8
QueryID:,293
QueryCluster:,18
TimeInSeconds:,0.021
ResultCount:,1
QueryID:,294
QueryCluster:,19
TimeInSeconds:,0.011
ResultCount:,3
QueryID:,295
QueryCluster:,20
TimeInSeconds:,0.014
ResultCount:,0
QueryID:,296
QueryCluster:,21
TimeInSeconds:,0.025
ResultCount:,10
QueryID:,297
QueryCluster:,22
TimeInSeconds:,0.012
ResultCount:,5
QueryID:,298
QueryCluster:,23
TimeInSeconds:,0.204
ResultCount:,10
QueryID:,299
QueryCluster:,24
TimeInSeconds:,0.014
ResultCount:,10
QueryID:,300
QueryCluster:,25
TimeInSeconds:,0.017
ResultCount:,10
QueryID:,301
QueryCluster:,1
TimeInSeconds:,0.012
ResultCount:,1
QueryID:,302
QueryCluster:,2
TimeInSeconds:,0.017
ResultCount:,4
QueryID:,303
QueryCluster:,3
TimeInSeconds:,0.352
ResultCount:,10
QueryID:,304
QueryCluster:,4
TimeInSeconds:,0.021
ResultCount:,10
QueryID:,305
QueryCluster:,5
TimeInSeconds:,0.011
ResultCount:,1
QueryID:,306
QueryCluster:,6
TimeInSeconds:,282.567
ResultCount:,10
QueryID:,307
QueryCluster:,7
TimeInSeconds:,0.015
ResultCount:,0
QueryID:,308
QueryCluster:,8
TimeInSeconds:,0.138
ResultCount:,10
QueryID:,309
QueryCluster:,9
TimeInSeconds:,0.02
ResultCount:,10
QueryID:,310
QueryCluster:,10
TimeInSeconds:,1.186
ResultCount:,10
QueryID:,311
QueryCluster:,11
TimeInSeconds:,0.011
ResultCount:,1
QueryID:,312
QueryCluster:,12
TimeInSeconds:,0.011
ResultCount:,9
QueryID:,313
QueryCluster:,13
TimeInSeconds:,0.013
ResultCount:,10
QueryID:,314
QueryCluster:,14
TimeInSeconds:,0.013
ResultCount:,2
QueryID:,315
QueryCluster:,15
TimeInSeconds:,0.011
ResultCount:,1
QueryID:,316
QueryCluster:,16
TimeInSeconds:,0.013
ResultCount:,1
QueryID:,317
QueryCluster:,17
TimeInSeconds:,2.482
ResultCount:,7
QueryID:,318
QueryCluster:,18
TimeInSeconds:,0.021
ResultCount:,1
QueryID:,319
QueryCluster:,19
TimeInSeconds:,0.01
ResultCount:,1
QueryID:,320
QueryCluster:,20
TimeInSeconds:,0.016
ResultCount:,0
QueryID:,321
QueryCluster:,21
TimeInSeconds:,0.027
ResultCount:,6
QueryID:,322
QueryCluster:,22
TimeInSeconds:,0.031
ResultCount:,2
QueryID:,323
QueryCluster:,23
TimeInSeconds:,0.2
ResultCount:,10
QueryID:,324
QueryCluster:,24
TimeInSeconds:,0.015
ResultCount:,10
QueryID:,325
QueryCluster:,25
TimeInSeconds:,0.018
ResultCount:,2
QueryID:,326
QueryCluster:,1
TimeInSeconds:,0.02
ResultCount:,6
QueryID:,327
QueryCluster:,2
TimeInSeconds:,0.017
ResultCount:,1
QueryID:,328
QueryCluster:,3
TimeInSeconds:,0.561
ResultCount:,10
QueryID:,329
QueryCluster:,4
TimeInSeconds:,0.017
ResultCount:,1
QueryID:,330
QueryCluster:,5
TimeInSeconds:,0.01
ResultCount:,1
QueryID:,331
QueryCluster:,6
TimeInSeconds:,229.467
ResultCount:,10
QueryID:,332
QueryCluster:,7
TimeInSeconds:,0.018
ResultCount:,3
QueryID:,333
QueryCluster:,8
TimeInSeconds:,0.135
ResultCount:,10
QueryID:,334
QueryCluster:,9
TimeInSeconds:,0.44
ResultCount:,10
QueryID:,335
QueryCluster:,10
TimeInSeconds:,0.027
ResultCount:,10
QueryID:,336
QueryCluster:,11
TimeInSeconds:,0.011
ResultCount:,1
QueryID:,337
QueryCluster:,12
TimeInSeconds:,0.013
ResultCount:,10
QueryID:,338
QueryCluster:,13
TimeInSeconds:,0.011
ResultCount:,4
QueryID:,339
QueryCluster:,14
TimeInSeconds:,0.012
ResultCount:,2
QueryID:,340
QueryCluster:,15
TimeInSeconds:,0.011
ResultCount:,2
QueryID:,341
QueryCluster:,16
TimeInSeconds:,0.014
ResultCount:,6
QueryID:,342
QueryCluster:,17
TimeInSeconds:,0.022
ResultCount:,10
QueryID:,343
QueryCluster:,18
TimeInSeconds:,0.02
ResultCount:,1
QueryID:,344
QueryCluster:,19
TimeInSeconds:,0.01
ResultCount:,1
QueryID:,345
QueryCluster:,20
TimeInSeconds:,0.017
ResultCount:,0
QueryID:,346
QueryCluster:,21
TimeInSeconds:,0.486
ResultCount:,1
QueryID:,347
QueryCluster:,22
TimeInSeconds:,0.029
ResultCount:,2
QueryID:,348
QueryCluster:,23
TimeInSeconds:,0.204
ResultCount:,10
QueryID:,349
QueryCluster:,24
TimeInSeconds:,0.014
ResultCount:,10
QueryID:,350
QueryCluster:,25
TimeInSeconds:,0.015
ResultCount:,1
QueryID:,351
QueryCluster:,1
TimeInSeconds:,0.012
ResultCount:,10
QueryID:,352
QueryCluster:,2
TimeInSeconds:,0.016
ResultCount:,1
QueryID:,353
QueryCluster:,3
TimeInSeconds:,0.547
ResultCount:,10
QueryID:,354
QueryCluster:,4
TimeInSeconds:,0.018
ResultCount:,2
QueryID:,355
QueryCluster:,5
TimeInSeconds:,0.011
ResultCount:,1
QueryID:,356
QueryCluster:,6
TimeInSeconds:,236.404
ResultCount:,10
QueryID:,357
QueryCluster:,7
TimeInSeconds:,0.018
ResultCount:,5
QueryID:,358
QueryCluster:,8
TimeInSeconds:,0.135
ResultCount:,10
QueryID:,359
QueryCluster:,9
TimeInSeconds:,0.031
ResultCount:,10
QueryID:,360
QueryCluster:,10
TimeInSeconds:,1.175
ResultCount:,10
QueryID:,361
QueryCluster:,11
TimeInSeconds:,0.011
ResultCount:,1
QueryID:,362
QueryCluster:,12
TimeInSeconds:,0.013
ResultCount:,2
QueryID:,363
QueryCluster:,13
TimeInSeconds:,0.015
ResultCount:,10
QueryID:,364
QueryCluster:,14
TimeInSeconds:,0.013
ResultCount:,1
QueryID:,365
QueryCluster:,15
TimeInSeconds:,0.01
ResultCount:,1
QueryID:,366
QueryCluster:,16
TimeInSeconds:,0.015
ResultCount:,10
QueryID:,367
QueryCluster:,17
TimeInSeconds:,0.515
ResultCount:,1
QueryID:,368
QueryCluster:,18
TimeInSeconds:,0.02
ResultCount:,1
QueryID:,369
QueryCluster:,19
TimeInSeconds:,0.01
ResultCount:,1
QueryID:,370
QueryCluster:,20
TimeInSeconds:,0.017
ResultCount:,0
QueryID:,371
QueryCluster:,21
TimeInSeconds:,0.011
ResultCount:,3
QueryID:,372
QueryCluster:,22
TimeInSeconds:,0.011
ResultCount:,3
QueryID:,373
QueryCluster:,23
TimeInSeconds:,0.021
ResultCount:,10
QueryID:,374
QueryCluster:,24
TimeInSeconds:,0.014
ResultCount:,10
QueryID:,375
QueryCluster:,25
TimeInSeconds:,0.017
ResultCount:,10
QueryID:,376
QueryCluster:,1
TimeInSeconds:,0.015
ResultCount:,10
QueryID:,377
QueryCluster:,2
TimeInSeconds:,0.016
ResultCount:,1
QueryID:,378
QueryCluster:,3
TimeInSeconds:,0.35
ResultCount:,10
QueryID:,379
QueryCluster:,4
TimeInSeconds:,0.017
ResultCount:,1
QueryID:,380
QueryCluster:,5
TimeInSeconds:,0.01
ResultCount:,1
QueryID:,381
QueryCluster:,6
TimeInSeconds:,0.011
ResultCount:,10
QueryID:,382
QueryCluster:,7
TimeInSeconds:,0.012
ResultCount:,1
QueryID:,383
QueryCluster:,8
TimeInSeconds:,0.136
ResultCount:,10
QueryID:,384
QueryCluster:,9
TimeInSeconds:,1.308
ResultCount:,10
QueryID:,385
QueryCluster:,10
TimeInSeconds:,0.027
ResultCount:,10
QueryID:,386
QueryCluster:,11
TimeInSeconds:,0.011
ResultCount:,1
QueryID:,387
QueryCluster:,12
TimeInSeconds:,0.013
ResultCount:,5
QueryID:,388
QueryCluster:,13
TimeInSeconds:,0.016
ResultCount:,10
QueryID:,389
QueryCluster:,14
TimeInSeconds:,0.013
ResultCount:,2
QueryID:,390
QueryCluster:,15
TimeInSeconds:,0.011
ResultCount:,1
QueryID:,391
QueryCluster:,16
TimeInSeconds:,0.014
ResultCount:,10
QueryID:,392
QueryCluster:,17
TimeInSeconds:,0.013
ResultCount:,4
QueryID:,393
QueryCluster:,18
TimeInSeconds:,0.021
ResultCount:,1
QueryID:,394
QueryCluster:,19
TimeInSeconds:,0.01
ResultCount:,10
QueryID:,395
QueryCluster:,20
TimeInSeconds:,0.014
ResultCount:,0
QueryID:,396
QueryCluster:,21
TimeInSeconds:,1.619
ResultCount:,1
QueryID:,397
QueryCluster:,22
TimeInSeconds:,0.029
ResultCount:,1
QueryID:,398
QueryCluster:,23
TimeInSeconds:,0.023
ResultCount:,10
QueryID:,399
QueryCluster:,24
TimeInSeconds:,0.014
ResultCount:,10
QueryID:,400
QueryCluster:,25
TimeInSeconds:,0.014
ResultCount:,1
QueryID:,401
QueryCluster:,1
TimeInSeconds:,0.013
ResultCount:,9
QueryID:,402
QueryCluster:,2
TimeInSeconds:,0.015
ResultCount:,1
QueryID:,403
QueryCluster:,3
TimeInSeconds:,0.538
ResultCount:,10
QueryID:,404
QueryCluster:,4
TimeInSeconds:,0.017
ResultCount:,2
QueryID:,405
QueryCluster:,5
TimeInSeconds:,0.01
ResultCount:,1
QueryID:,406
QueryCluster:,6
TimeInSeconds:,0.011
ResultCount:,10
QueryID:,407
QueryCluster:,7
TimeInSeconds:,0.02
ResultCount:,3
QueryID:,408
QueryCluster:,8
TimeInSeconds:,0.136
ResultCount:,10
QueryID:,409
QueryCluster:,9
TimeInSeconds:,1.29
ResultCount:,10
QueryID:,410
QueryCluster:,10
TimeInSeconds:,1.167
ResultCount:,10
QueryID:,411
QueryCluster:,11
TimeInSeconds:,0.011
ResultCount:,1
QueryID:,412
QueryCluster:,12
TimeInSeconds:,0.012
ResultCount:,3
QueryID:,413
QueryCluster:,13
TimeInSeconds:,0.016
ResultCount:,10
QueryID:,414
QueryCluster:,14
TimeInSeconds:,0.012
ResultCount:,2
QueryID:,415
QueryCluster:,15
TimeInSeconds:,0.011
ResultCount:,3
QueryID:,416
QueryCluster:,16
TimeInSeconds:,0.016
ResultCount:,10
QueryID:,417
QueryCluster:,17
TimeInSeconds:,0.016
ResultCount:,10
QueryID:,418
QueryCluster:,18
TimeInSeconds:,0.02
ResultCount:,1
QueryID:,419
QueryCluster:,19
TimeInSeconds:,0.01
ResultCount:,2
QueryID:,420
QueryCluster:,20
TimeInSeconds:,0.015
ResultCount:,0
QueryID:,421
QueryCluster:,21
TimeInSeconds:,0.248
ResultCount:,10
QueryID:,422
QueryCluster:,22
TimeInSeconds:,0.011
ResultCount:,1
QueryID:,423
QueryCluster:,23
TimeInSeconds:,0.064
ResultCount:,10
QueryID:,424
QueryCluster:,24
TimeInSeconds:,0.013
ResultCount:,10
QueryID:,425
QueryCluster:,25
TimeInSeconds:,0.014
ResultCount:,1
QueryID:,426
QueryCluster:,1
TimeInSeconds:,0.012
ResultCount:,4
QueryID:,427
QueryCluster:,2
TimeInSeconds:,0.015
ResultCount:,1
QueryID:,428
QueryCluster:,3
TimeInSeconds:,0.237
ResultCount:,10
QueryID:,429
QueryCluster:,4
TimeInSeconds:,0.016
ResultCount:,1
QueryID:,430
QueryCluster:,5
TimeInSeconds:,0.01
ResultCount:,1
QueryID:,431
QueryCluster:,6
TimeInSeconds:,38.485
ResultCount:,4
QueryID:,432
QueryCluster:,7
TimeInSeconds:,0.019
ResultCount:,3
QueryID:,433
QueryCluster:,8
TimeInSeconds:,0.135
ResultCount:,10
QueryID:,434
QueryCluster:,9
TimeInSeconds:,0.01
ResultCount:,0
QueryID:,435
QueryCluster:,10
TimeInSeconds:,0.026
ResultCount:,10
QueryID:,436
QueryCluster:,11
TimeInSeconds:,0.011
ResultCount:,1
QueryID:,437
QueryCluster:,12
TimeInSeconds:,0.01
ResultCount:,1
QueryID:,438
QueryCluster:,13
TimeInSeconds:,0.011
ResultCount:,1
QueryID:,439
QueryCluster:,14
TimeInSeconds:,0.012
ResultCount:,2
QueryID:,440
QueryCluster:,15
TimeInSeconds:,0.01
ResultCount:,1
QueryID:,441
QueryCluster:,16
TimeInSeconds:,0.015
ResultCount:,10
QueryID:,442
QueryCluster:,17
TimeInSeconds:,0.523
ResultCount:,1
QueryID:,443
QueryCluster:,18
TimeInSeconds:,0.019
ResultCount:,1
QueryID:,444
QueryCluster:,19
TimeInSeconds:,0.01
ResultCount:,1
QueryID:,445
QueryCluster:,20
TimeInSeconds:,0.014
ResultCount:,0
QueryID:,446
QueryCluster:,21
TimeInSeconds:,0.022
ResultCount:,10
QueryID:,447
QueryCluster:,22
TimeInSeconds:,0.028
ResultCount:,2
QueryID:,448
QueryCluster:,23
TimeInSeconds:,0.204
ResultCount:,10
QueryID:,449
QueryCluster:,24
TimeInSeconds:,0.014
ResultCount:,10
QueryID:,450
QueryCluster:,25
TimeInSeconds:,0.016
ResultCount:,2
QueryID:,451
QueryCluster:,1
TimeInSeconds:,0.017
ResultCount:,10
QueryID:,452
QueryCluster:,2
TimeInSeconds:,0.016
ResultCount:,2
QueryID:,453
QueryCluster:,3
TimeInSeconds:,0.018
ResultCount:,10
QueryID:,454
QueryCluster:,4
TimeInSeconds:,0.017
ResultCount:,4
QueryID:,455
QueryCluster:,5
TimeInSeconds:,0.009
ResultCount:,1
QueryID:,456
QueryCluster:,6
TimeInSeconds:,229.089
ResultCount:,10
QueryID:,457
QueryCluster:,7
TimeInSeconds:,0.012
ResultCount:,8
QueryID:,458
QueryCluster:,8
TimeInSeconds:,0.135
ResultCount:,10
QueryID:,459
QueryCluster:,9
TimeInSeconds:,0.011
ResultCount:,10
QueryID:,460
QueryCluster:,10
TimeInSeconds:,1.175
ResultCount:,10
QueryID:,461
QueryCluster:,11
TimeInSeconds:,0.011
ResultCount:,1
QueryID:,462
QueryCluster:,12
TimeInSeconds:,0.01
ResultCount:,9
QueryID:,463
QueryCluster:,13
TimeInSeconds:,0.016
ResultCount:,10
QueryID:,464
QueryCluster:,14
TimeInSeconds:,0.012
ResultCount:,2
QueryID:,465
QueryCluster:,15
TimeInSeconds:,0.01
ResultCount:,2
QueryID:,466
QueryCluster:,16
TimeInSeconds:,0.016
ResultCount:,10
QueryID:,467
QueryCluster:,17
TimeInSeconds:,0.603
ResultCount:,3
QueryID:,468
QueryCluster:,18
TimeInSeconds:,0.02
ResultCount:,1
QueryID:,469
QueryCluster:,19
TimeInSeconds:,0.009
ResultCount:,1
QueryID:,470
QueryCluster:,20
TimeInSeconds:,0.015
ResultCount:,0
QueryID:,471
QueryCluster:,21
TimeInSeconds:,0.15
ResultCount:,10
QueryID:,472
QueryCluster:,22
TimeInSeconds:,0.01
ResultCount:,4
QueryID:,473
QueryCluster:,23
TimeInSeconds:,0.195
ResultCount:,10
QueryID:,474
QueryCluster:,24
TimeInSeconds:,0.013
ResultCount:,10
QueryID:,475
QueryCluster:,25
TimeInSeconds:,0.015
ResultCount:,4
QueryID:,476
QueryCluster:,1
TimeInSeconds:,0.011
ResultCount:,10
QueryID:,477
QueryCluster:,2
TimeInSeconds:,0.016
ResultCount:,2
QueryID:,478
QueryCluster:,3
TimeInSeconds:,0.048
ResultCount:,10
QueryID:,479
QueryCluster:,4
TimeInSeconds:,0.016
ResultCount:,1
QueryID:,480
QueryCluster:,5
TimeInSeconds:,0.418
ResultCount:,10
QueryID:,481
QueryCluster:,6
TimeInSeconds:,240.782
ResultCount:,10
QueryID:,482
QueryCluster:,7
TimeInSeconds:,0.013
ResultCount:,10
QueryID:,483
QueryCluster:,8
TimeInSeconds:,0.133
ResultCount:,10
QueryID:,484
QueryCluster:,9
TimeInSeconds:,0.029
ResultCount:,10
QueryID:,485
QueryCluster:,10
TimeInSeconds:,0.027
ResultCount:,10
QueryID:,486
QueryCluster:,11
TimeInSeconds:,0.01
ResultCount:,1
QueryID:,487
QueryCluster:,12
TimeInSeconds:,0.01
ResultCount:,1
QueryID:,488
QueryCluster:,13
TimeInSeconds:,0.012
ResultCount:,10
QueryID:,489
QueryCluster:,14
TimeInSeconds:,0.012
ResultCount:,2
QueryID:,490
QueryCluster:,15
TimeInSeconds:,0.01
ResultCount:,5
QueryID:,491
QueryCluster:,16
TimeInSeconds:,0.015
ResultCount:,10
QueryID:,492
QueryCluster:,17
TimeInSeconds:,0.207
ResultCount:,10
QueryID:,493
QueryCluster:,18
TimeInSeconds:,0.019
ResultCount:,1
QueryID:,494
QueryCluster:,19
TimeInSeconds:,0.011
ResultCount:,10
QueryID:,495
QueryCluster:,20
TimeInSeconds:,0.012
ResultCount:,0
QueryID:,496
QueryCluster:,21
TimeInSeconds:,0.126
ResultCount:,2
QueryID:,497
QueryCluster:,22
TimeInSeconds:,0.01
ResultCount:,4
QueryID:,498
QueryCluster:,23
TimeInSeconds:,0.116
ResultCount:,10
QueryID:,499
QueryCluster:,24
TimeInSeconds:,0.014
ResultCount:,10
QueryID:,500
QueryCluster:,25
TimeInSeconds:,0.016
ResultCount:,10
QueryID:,501
QueryCluster:,1
TimeInSeconds:,0.011
ResultCount:,1
QueryID:,502
QueryCluster:,2
TimeInSeconds:,0.015
ResultCount:,1
QueryID:,503
QueryCluster:,3
TimeInSeconds:,0.345
ResultCount:,10
QueryID:,504
QueryCluster:,4
TimeInSeconds:,0.017
ResultCount:,2
QueryID:,505
QueryCluster:,5
TimeInSeconds:,0.01
ResultCount:,1
QueryID:,506
QueryCluster:,6
TimeInSeconds:,231.47
ResultCount:,10
QueryID:,507
QueryCluster:,7
TimeInSeconds:,0.012
ResultCount:,10
QueryID:,508
QueryCluster:,8
TimeInSeconds:,0.135
ResultCount:,10
QueryID:,509
QueryCluster:,9
TimeInSeconds:,0.118
ResultCount:,10
QueryID:,510
QueryCluster:,10
TimeInSeconds:,0.025
ResultCount:,10
QueryID:,511
QueryCluster:,11
TimeInSeconds:,0.011
ResultCount:,1
QueryID:,512
QueryCluster:,12
TimeInSeconds:,0.011
ResultCount:,10
QueryID:,513
QueryCluster:,13
TimeInSeconds:,0.015
ResultCount:,10
QueryID:,514
QueryCluster:,14
TimeInSeconds:,0.012
ResultCount:,2
QueryID:,515
QueryCluster:,15
TimeInSeconds:,0.01
ResultCount:,1
QueryID:,516
QueryCluster:,16
TimeInSeconds:,0.015
ResultCount:,10
QueryID:,517
QueryCluster:,17
TimeInSeconds:,0.526
ResultCount:,1
QueryID:,518
QueryCluster:,18
TimeInSeconds:,0.019
ResultCount:,1
QueryID:,519
QueryCluster:,19
TimeInSeconds:,0.009
ResultCount:,4
QueryID:,520
QueryCluster:,20
TimeInSeconds:,0.013
ResultCount:,0
QueryID:,521
QueryCluster:,21
TimeInSeconds:,0.011
ResultCount:,10
QueryID:,522
QueryCluster:,22
TimeInSeconds:,0.027
ResultCount:,2
QueryID:,523
QueryCluster:,23
TimeInSeconds:,0.28
ResultCount:,10
QueryID:,524
QueryCluster:,24
TimeInSeconds:,0.014
ResultCount:,10
QueryID:,525
QueryCluster:,25
TimeInSeconds:,0.013
ResultCount:,3
QueryID:,526
QueryCluster:,1
TimeInSeconds:,0.011
ResultCount:,2
QueryID:,527
QueryCluster:,2
TimeInSeconds:,0.017
ResultCount:,8
QueryID:,528
QueryCluster:,3
TimeInSeconds:,0.456
ResultCount:,10
QueryID:,529
QueryCluster:,4
TimeInSeconds:,0.016
ResultCount:,1
QueryID:,530
QueryCluster:,5
TimeInSeconds:,0.011
ResultCount:,10
QueryID:,531
QueryCluster:,6
TimeInSeconds:,240.509
ResultCount:,10
QueryID:,532
QueryCluster:,7
TimeInSeconds:,0.037
ResultCount:,10
QueryID:,533
QueryCluster:,8
TimeInSeconds:,0.133
ResultCount:,10
QueryID:,534
QueryCluster:,9
TimeInSeconds:,0.035
ResultCount:,10
QueryID:,535
QueryCluster:,10
TimeInSeconds:,1.179
ResultCount:,10
QueryID:,536
QueryCluster:,11
TimeInSeconds:,0.01
ResultCount:,4
QueryID:,537
QueryCluster:,12
TimeInSeconds:,0.011
ResultCount:,8
QueryID:,538
QueryCluster:,13
TimeInSeconds:,0.01
ResultCount:,2
QueryID:,539
QueryCluster:,14
TimeInSeconds:,0.012
ResultCount:,2
QueryID:,540
QueryCluster:,15
TimeInSeconds:,0.01
ResultCount:,1
QueryID:,541
QueryCluster:,16
TimeInSeconds:,0.014
ResultCount:,10
QueryID:,542
QueryCluster:,17
TimeInSeconds:,0.011
ResultCount:,5
QueryID:,543
QueryCluster:,18
TimeInSeconds:,0.019
ResultCount:,1
QueryID:,544
QueryCluster:,19
TimeInSeconds:,0.009
ResultCount:,1
QueryID:,545
QueryCluster:,20
TimeInSeconds:,0.012
ResultCount:,0
QueryID:,546
QueryCluster:,21
TimeInSeconds:,0.011
ResultCount:,1
QueryID:,547
QueryCluster:,22
TimeInSeconds:,0.01
ResultCount:,5
QueryID:,548
QueryCluster:,23
TimeInSeconds:,0.206
ResultCount:,10
QueryID:,549
QueryCluster:,24
TimeInSeconds:,0.013
ResultCount:,10
QueryID:,550
QueryCluster:,25
TimeInSeconds:,0.016
ResultCount:,10
QueryID:,551
QueryCluster:,1
TimeInSeconds:,0.011
ResultCount:,5
QueryID:,552
QueryCluster:,2
TimeInSeconds:,0.019
ResultCount:,10
QueryID:,553
QueryCluster:,3
TimeInSeconds:,0.546
ResultCount:,10
QueryID:,554
QueryCluster:,4
TimeInSeconds:,0.016
ResultCount:,2
QueryID:,555
QueryCluster:,5
TimeInSeconds:,0.01
ResultCount:,1
QueryID:,556
QueryCluster:,6
TimeInSeconds:,215.377
ResultCount:,10
QueryID:,557
QueryCluster:,7
TimeInSeconds:,0.015
ResultCount:,4
QueryID:,558
QueryCluster:,8
TimeInSeconds:,0.134
ResultCount:,10
QueryID:,559
QueryCluster:,9
TimeInSeconds:,0.367
ResultCount:,10
QueryID:,560
QueryCluster:,10
TimeInSeconds:,0.026
ResultCount:,10
QueryID:,561
QueryCluster:,11
TimeInSeconds:,0.01
ResultCount:,1
QueryID:,562
QueryCluster:,12
TimeInSeconds:,0.011
ResultCount:,4
QueryID:,563
QueryCluster:,13
TimeInSeconds:,0.015
ResultCount:,10
QueryID:,564
QueryCluster:,14
TimeInSeconds:,0.011
ResultCount:,2
QueryID:,565
QueryCluster:,15
TimeInSeconds:,0.01
ResultCount:,1
QueryID:,566
QueryCluster:,16
TimeInSeconds:,0.015
ResultCount:,10
QueryID:,567
QueryCluster:,17
TimeInSeconds:,0.051
ResultCount:,10
QueryID:,568
QueryCluster:,18
TimeInSeconds:,0.018
ResultCount:,1
QueryID:,569
QueryCluster:,19
TimeInSeconds:,0.009
ResultCount:,1
QueryID:,570
QueryCluster:,20
TimeInSeconds:,0.013
ResultCount:,0
QueryID:,571
QueryCluster:,21
TimeInSeconds:,0.276
ResultCount:,3
QueryID:,572
QueryCluster:,22
TimeInSeconds:,0.01
ResultCount:,3
QueryID:,573
QueryCluster:,23
TimeInSeconds:,0.193
ResultCount:,10
QueryID:,574
QueryCluster:,24
TimeInSeconds:,0.013
ResultCount:,10
QueryID:,575
QueryCluster:,25
TimeInSeconds:,0.015
ResultCount:,6
QueryID:,576
QueryCluster:,1
TimeInSeconds:,0.01
ResultCount:,1
QueryID:,577
QueryCluster:,2
TimeInSeconds:,0.015
ResultCount:,1
QueryID:,578
QueryCluster:,3
TimeInSeconds:,0.348
ResultCount:,10
QueryID:,579
QueryCluster:,4
TimeInSeconds:,0.015
ResultCount:,1
QueryID:,580
QueryCluster:,5
TimeInSeconds:,0.009
ResultCount:,1
QueryID:,581
QueryCluster:,6
TimeInSeconds:,0.226
ResultCount:,10
QueryID:,582
QueryCluster:,7
TimeInSeconds:,0.012
ResultCount:,10
QueryID:,583
QueryCluster:,8
TimeInSeconds:,0.133
ResultCount:,10
QueryID:,584
QueryCluster:,9
TimeInSeconds:,0.011
ResultCount:,10
QueryID:,585
QueryCluster:,10
TimeInSeconds:,1.174
ResultCount:,10
QueryID:,586
QueryCluster:,11
TimeInSeconds:,26.483
ResultCount:,1
QueryID:,587
QueryCluster:,12
TimeInSeconds:,0.009
ResultCount:,5
QueryID:,588
QueryCluster:,13
TimeInSeconds:,0.015
ResultCount:,10
QueryID:,589
QueryCluster:,14
TimeInSeconds:,0.027
ResultCount:,10
QueryID:,590
QueryCluster:,15
TimeInSeconds:,0.01
ResultCount:,1
QueryID:,591
QueryCluster:,16
TimeInSeconds:,0.014
ResultCount:,10
QueryID:,592
QueryCluster:,17
TimeInSeconds:,0.023
ResultCount:,10
QueryID:,593
QueryCluster:,18
TimeInSeconds:,0.018
ResultCount:,1
QueryID:,594
QueryCluster:,19
TimeInSeconds:,0.009
ResultCount:,4
QueryID:,595
QueryCluster:,20
TimeInSeconds:,0.015
ResultCount:,0
QueryID:,596
QueryCluster:,21
TimeInSeconds:,2.273
ResultCount:,2
QueryID:,597
QueryCluster:,22
TimeInSeconds:,0.01
ResultCount:,1
QueryID:,598
QueryCluster:,23
TimeInSeconds:,0.02
ResultCount:,10
QueryID:,599
QueryCluster:,24
TimeInSeconds:,0.012
ResultCount:,10
QueryID:,600
QueryCluster:,25
TimeInSeconds:,0.012
ResultCount:,0
QueryID:,601
QueryCluster:,1
TimeInSeconds:,0.012
ResultCount:,10
QueryID:,602
QueryCluster:,2
TimeInSeconds:,0.014
ResultCount:,1
QueryID:,603
QueryCluster:,3
TimeInSeconds:,0.318
ResultCount:,10
QueryID:,604
QueryCluster:,4
TimeInSeconds:,0.014
ResultCount:,1
QueryID:,605
QueryCluster:,5
TimeInSeconds:,0.01
ResultCount:,1
QueryID:,606
QueryCluster:,6
TimeInSeconds:,0.011
ResultCount:,4
QueryID:,607
QueryCluster:,7
TimeInSeconds:,0.015
ResultCount:,7
QueryID:,608
QueryCluster:,8
TimeInSeconds:,0.134
ResultCount:,10
QueryID:,609
QueryCluster:,9
TimeInSeconds:,26.962
ResultCount:,10
QueryID:,610
QueryCluster:,10
TimeInSeconds:,1.174
ResultCount:,10
QueryID:,611
QueryCluster:,11
TimeInSeconds:,0.01
ResultCount:,1
QueryID:,612
QueryCluster:,12
TimeInSeconds:,0.01
ResultCount:,2
QueryID:,613
QueryCluster:,13
TimeInSeconds:,0.009
ResultCount:,3
QueryID:,614
QueryCluster:,14
TimeInSeconds:,0.011
ResultCount:,2
QueryID:,615
QueryCluster:,15
TimeInSeconds:,0.009
ResultCount:,3
QueryID:,616
QueryCluster:,16
TimeInSeconds:,0.018
ResultCount:,1
QueryID:,617
QueryCluster:,17
TimeInSeconds:,0.03
ResultCount:,10
QueryID:,618
QueryCluster:,18
TimeInSeconds:,0.017
ResultCount:,1
QueryID:,619
QueryCluster:,19
TimeInSeconds:,0.009
ResultCount:,1
QueryID:,620
QueryCluster:,20
TimeInSeconds:,0.014
ResultCount:,0
QueryID:,621
QueryCluster:,21
TimeInSeconds:,0.747
ResultCount:,2
QueryID:,622
QueryCluster:,22
TimeInSeconds:,0.01
ResultCount:,3
QueryID:,623
QueryCluster:,23
TimeInSeconds:,0.064
ResultCount:,10
QueryID:,624
QueryCluster:,24
TimeInSeconds:,0.012
ResultCount:,10
QueryID:,625
QueryCluster:,25
TimeInSeconds:,0.013
ResultCount:,1
QueryID:,626
QueryCluster:,1
TimeInSeconds:,0.011
ResultCount:,5
QueryID:,627
QueryCluster:,2
TimeInSeconds:,0.016
ResultCount:,8
QueryID:,628
QueryCluster:,3
TimeInSeconds:,0.346
ResultCount:,10
QueryID:,629
QueryCluster:,4
TimeInSeconds:,0.016
ResultCount:,1
QueryID:,630
QueryCluster:,5
TimeInSeconds:,0.01
ResultCount:,1
QueryID:,631
QueryCluster:,6
TimeInSeconds:,360.107
ResultCount:,Null
QueryID:,632
QueryCluster:,7
TimeInSeconds:,0.023
ResultCount:,10
QueryID:,633
QueryCluster:,8
TimeInSeconds:,0.306
ResultCount:,10
QueryID:,634
QueryCluster:,9
TimeInSeconds:,24.323
ResultCount:,10
QueryID:,635
QueryCluster:,10
TimeInSeconds:,0.043
ResultCount:,10
QueryID:,636
QueryCluster:,11
TimeInSeconds:,0.011
ResultCount:,1
QueryID:,637
QueryCluster:,12
TimeInSeconds:,0.01
ResultCount:,3
QueryID:,638
QueryCluster:,13
TimeInSeconds:,0.017
ResultCount:,10
QueryID:,639
QueryCluster:,14
TimeInSeconds:,0.012
ResultCount:,2
QueryID:,640
QueryCluster:,15
TimeInSeconds:,56.85
ResultCount:,10
QueryID:,641
QueryCluster:,16
TimeInSeconds:,0.018
ResultCount:,10
QueryID:,642
QueryCluster:,17
TimeInSeconds:,0.057
ResultCount:,10
QueryID:,643
QueryCluster:,18
TimeInSeconds:,0.019
ResultCount:,1
QueryID:,644
QueryCluster:,19
TimeInSeconds:,0.01
ResultCount:,4
QueryID:,645
QueryCluster:,20
TimeInSeconds:,0.015
ResultCount:,0
QueryID:,646
QueryCluster:,21
TimeInSeconds:,0.021
ResultCount:,10
QueryID:,647
QueryCluster:,22
TimeInSeconds:,0.028
ResultCount:,1
QueryID:,648
QueryCluster:,23
TimeInSeconds:,1.255
ResultCount:,10
QueryID:,649
QueryCluster:,24
TimeInSeconds:,0.014
ResultCount:,10
QueryID:,650
QueryCluster:,25
TimeInSeconds:,0.013
ResultCount:,1
QueryID:,651
QueryCluster:,1
TimeInSeconds:,0.012
ResultCount:,2
QueryID:,652
QueryCluster:,2
TimeInSeconds:,0.015
ResultCount:,1
QueryID:,653
QueryCluster:,3
TimeInSeconds:,8.005
ResultCount:,10
QueryID:,654
QueryCluster:,4
TimeInSeconds:,0.018
ResultCount:,1
QueryID:,655
QueryCluster:,5
TimeInSeconds:,0.01
ResultCount:,1
QueryID:,656
QueryCluster:,6
TimeInSeconds:,0.012
ResultCount:,10
QueryID:,657
QueryCluster:,7
TimeInSeconds:,0.017
ResultCount:,1
QueryID:,658
QueryCluster:,8
TimeInSeconds:,0.142
ResultCount:,10
QueryID:,659
QueryCluster:,9
TimeInSeconds:,0.04
ResultCount:,10
QueryID:,660
QueryCluster:,10
TimeInSeconds:,0.044
ResultCount:,10
QueryID:,661
QueryCluster:,11
TimeInSeconds:,0.011
ResultCount:,1
QueryID:,662
QueryCluster:,12
TimeInSeconds:,0.011
ResultCount:,4
QueryID:,663
QueryCluster:,13
TimeInSeconds:,0.011
ResultCount:,3
QueryID:,664
QueryCluster:,14
TimeInSeconds:,0.011
ResultCount:,2
QueryID:,665
QueryCluster:,15
TimeInSeconds:,0.01
ResultCount:,1
QueryID:,666
QueryCluster:,16
TimeInSeconds:,0.017
ResultCount:,10
QueryID:,667
QueryCluster:,17
TimeInSeconds:,2.483
ResultCount:,10
QueryID:,668
QueryCluster:,18
TimeInSeconds:,0.021
ResultCount:,1
QueryID:,669
QueryCluster:,19
TimeInSeconds:,0.01
ResultCount:,1
QueryID:,670
QueryCluster:,20
TimeInSeconds:,0.013
ResultCount:,0
QueryID:,671
QueryCluster:,21
TimeInSeconds:,0.594
ResultCount:,10
QueryID:,672
QueryCluster:,22
TimeInSeconds:,0.01
ResultCount:,2
QueryID:,673
QueryCluster:,23
TimeInSeconds:,0.204
ResultCount:,10
QueryID:,674
QueryCluster:,24
TimeInSeconds:,0.014
ResultCount:,10
QueryID:,675
QueryCluster:,25
TimeInSeconds:,0.013
ResultCount:,1
QueryID:,676
QueryCluster:,1
TimeInSeconds:,0.012
ResultCount:,10
QueryID:,677
QueryCluster:,2
TimeInSeconds:,0.021
ResultCount:,6
QueryID:,678
QueryCluster:,3
TimeInSeconds:,1.086
ResultCount:,10
QueryID:,679
QueryCluster:,4
TimeInSeconds:,0.016
ResultCount:,1
QueryID:,680
QueryCluster:,5
TimeInSeconds:,0.01
ResultCount:,1
QueryID:,681
QueryCluster:,6
TimeInSeconds:,0.011
ResultCount:,10
QueryID:,682
QueryCluster:,7
TimeInSeconds:,0.124
ResultCount:,10
QueryID:,683
QueryCluster:,8
TimeInSeconds:,0.14
ResultCount:,10
QueryID:,684
QueryCluster:,9
TimeInSeconds:,0.056
ResultCount:,10
QueryID:,685
QueryCluster:,10
TimeInSeconds:,0.044
ResultCount:,10
QueryID:,686
QueryCluster:,11
TimeInSeconds:,0.01
ResultCount:,1
QueryID:,687
QueryCluster:,12
TimeInSeconds:,0.01
ResultCount:,2
QueryID:,688
QueryCluster:,13
TimeInSeconds:,0.017
ResultCount:,10
QueryID:,689
QueryCluster:,14
TimeInSeconds:,0.012
ResultCount:,2
QueryID:,690
QueryCluster:,15
TimeInSeconds:,0.01
ResultCount:,1
QueryID:,691
QueryCluster:,16
TimeInSeconds:,0.017
ResultCount:,10
QueryID:,692
QueryCluster:,17
TimeInSeconds:,2.335
ResultCount:,1
QueryID:,693
QueryCluster:,18
TimeInSeconds:,0.02
ResultCount:,1
QueryID:,694
QueryCluster:,19
TimeInSeconds:,0.01
ResultCount:,1
QueryID:,695
QueryCluster:,20
TimeInSeconds:,0.014
ResultCount:,0
QueryID:,696
QueryCluster:,21
TimeInSeconds:,0.406
ResultCount:,10
QueryID:,697
QueryCluster:,22
TimeInSeconds:,0.011
ResultCount:,4
QueryID:,698
QueryCluster:,23
TimeInSeconds:,0.273
ResultCount:,10
QueryID:,699
QueryCluster:,24
TimeInSeconds:,0.014
ResultCount:,10
QueryID:,700
QueryCluster:,25
TimeInSeconds:,0.014
ResultCount:,1
QueryID:,701
QueryCluster:,1
TimeInSeconds:,0.012
ResultCount:,2
QueryID:,702
QueryCluster:,2
TimeInSeconds:,0.022
ResultCount:,6
QueryID:,703
QueryCluster:,3
TimeInSeconds:,1.302
ResultCount:,10
QueryID:,704
QueryCluster:,4
TimeInSeconds:,0.018
ResultCount:,2
QueryID:,705
QueryCluster:,5
TimeInSeconds:,0.009
ResultCount:,1
QueryID:,706
QueryCluster:,6
TimeInSeconds:,0.01
ResultCount:,10
QueryID:,707
QueryCluster:,7
TimeInSeconds:,0.019
ResultCount:,2
QueryID:,708
QueryCluster:,8
TimeInSeconds:,0.148
ResultCount:,10
QueryID:,709
QueryCluster:,9
TimeInSeconds:,5.274
ResultCount:,10
QueryID:,710
QueryCluster:,10
TimeInSeconds:,0.047
ResultCount:,10
QueryID:,711
QueryCluster:,11
TimeInSeconds:,0.014
ResultCount:,1
QueryID:,712
QueryCluster:,12
TimeInSeconds:,0.012
ResultCount:,2
QueryID:,713
QueryCluster:,13
TimeInSeconds:,0.012
ResultCount:,1
QueryID:,714
QueryCluster:,14
TimeInSeconds:,0.016
ResultCount:,0
QueryID:,715
QueryCluster:,15
TimeInSeconds:,0.011
ResultCount:,4
QueryID:,716
QueryCluster:,16
TimeInSeconds:,0.021
ResultCount:,1
QueryID:,717
QueryCluster:,17
TimeInSeconds:,2.627
ResultCount:,3
QueryID:,718
QueryCluster:,18
TimeInSeconds:,0.021
ResultCount:,1
QueryID:,719
QueryCluster:,19
TimeInSeconds:,0.013
ResultCount:,10
QueryID:,720
QueryCluster:,20
TimeInSeconds:,0.016
ResultCount:,0
QueryID:,721
QueryCluster:,21
TimeInSeconds:,5.741
ResultCount:,3
QueryID:,722
QueryCluster:,22
TimeInSeconds:,0.01
ResultCount:,3
QueryID:,723
QueryCluster:,23
TimeInSeconds:,0.623
ResultCount:,10
QueryID:,724
QueryCluster:,24
TimeInSeconds:,0.014
ResultCount:,10
QueryID:,725
QueryCluster:,25
TimeInSeconds:,0.019
ResultCount:,6
QueryID:,726
QueryCluster:,1
TimeInSeconds:,0.011
ResultCount:,1
QueryID:,727
QueryCluster:,2
TimeInSeconds:,0.025
ResultCount:,8
QueryID:,728
QueryCluster:,3
TimeInSeconds:,3.396
ResultCount:,10
QueryID:,729
QueryCluster:,4
TimeInSeconds:,0.021
ResultCount:,8
QueryID:,730
QueryCluster:,5
TimeInSeconds:,0.012
ResultCount:,9
QueryID:,731
QueryCluster:,6
TimeInSeconds:,0.035
ResultCount:,10
QueryID:,732
QueryCluster:,7
TimeInSeconds:,0.013
ResultCount:,8
QueryID:,733
QueryCluster:,8
TimeInSeconds:,0.141
ResultCount:,10
QueryID:,734
QueryCluster:,9
TimeInSeconds:,0.106
ResultCount:,10
QueryID:,735
QueryCluster:,10
TimeInSeconds:,0.065
ResultCount:,10
QueryID:,736
QueryCluster:,11
TimeInSeconds:,0.013
ResultCount:,1
QueryID:,737
QueryCluster:,12
TimeInSeconds:,0.011
ResultCount:,8
QueryID:,738
QueryCluster:,13
TimeInSeconds:,0.02
ResultCount:,10
QueryID:,739
QueryCluster:,14
TimeInSeconds:,0.014
ResultCount:,3
QueryID:,740
QueryCluster:,15
TimeInSeconds:,0.01
ResultCount:,4
QueryID:,741
QueryCluster:,16
TimeInSeconds:,0.018
ResultCount:,10
QueryID:,742
QueryCluster:,17
TimeInSeconds:,0.025
ResultCount:,2
QueryID:,743
QueryCluster:,18
TimeInSeconds:,0.021
ResultCount:,1
QueryID:,744
QueryCluster:,19
TimeInSeconds:,0.009
ResultCount:,1
QueryID:,745
QueryCluster:,20
TimeInSeconds:,0.013
ResultCount:,0
QueryID:,746
QueryCluster:,21
TimeInSeconds:,0.774
ResultCount:,6
QueryID:,747
QueryCluster:,22
TimeInSeconds:,0.01
ResultCount:,5
QueryID:,748
QueryCluster:,23
TimeInSeconds:,0.059
ResultCount:,10
QueryID:,749
QueryCluster:,24
TimeInSeconds:,0.014
ResultCount:,10
QueryID:,750
QueryCluster:,25
TimeInSeconds:,0.021
ResultCount:,10
QueryID:,751
QueryCluster:,1
TimeInSeconds:,1.569
ResultCount:,10
QueryID:,752
QueryCluster:,2
TimeInSeconds:,0.026
ResultCount:,2
QueryID:,753
QueryCluster:,3
TimeInSeconds:,23.971
ResultCount:,10
QueryID:,754
QueryCluster:,4
TimeInSeconds:,0.016
ResultCount:,1
QueryID:,755
QueryCluster:,5
TimeInSeconds:,0.009
ResultCount:,1
QueryID:,756
QueryCluster:,6
TimeInSeconds:,0.01
ResultCount:,10
QueryID:,757
QueryCluster:,7
TimeInSeconds:,0.021
ResultCount:,10
QueryID:,758
QueryCluster:,8
TimeInSeconds:,0.14
ResultCount:,10
QueryID:,759
QueryCluster:,9
TimeInSeconds:,0.015
ResultCount:,10
QueryID:,760
QueryCluster:,10
TimeInSeconds:,1.281
ResultCount:,10
QueryID:,761
QueryCluster:,11
TimeInSeconds:,0.011
ResultCount:,1
QueryID:,762
QueryCluster:,12
TimeInSeconds:,0.011
ResultCount:,2
QueryID:,763
QueryCluster:,13
TimeInSeconds:,15.137
ResultCount:,10
QueryID:,764
QueryCluster:,14
TimeInSeconds:,0.013
ResultCount:,1
QueryID:,765
QueryCluster:,15
TimeInSeconds:,25.906
ResultCount:,10
QueryID:,766
QueryCluster:,16
TimeInSeconds:,0.015
ResultCount:,10
QueryID:,767
QueryCluster:,17
TimeInSeconds:,2.106
ResultCount:,10
QueryID:,768
QueryCluster:,18
TimeInSeconds:,0.018
ResultCount:,1
QueryID:,769
QueryCluster:,19
TimeInSeconds:,0.01
ResultCount:,3
QueryID:,770
QueryCluster:,20
TimeInSeconds:,0.015
ResultCount:,0
QueryID:,771
QueryCluster:,21
TimeInSeconds:,0.407
ResultCount:,10
QueryID:,772
QueryCluster:,22
TimeInSeconds:,0.01
ResultCount:,5
QueryID:,773
QueryCluster:,23
TimeInSeconds:,0.211
ResultCount:,10
QueryID:,774
QueryCluster:,24
TimeInSeconds:,0.013
ResultCount:,10
QueryID:,775
QueryCluster:,25
TimeInSeconds:,0.014
ResultCount:,4
QueryID:,776
QueryCluster:,1
TimeInSeconds:,0.016
ResultCount:,10
QueryID:,777
QueryCluster:,2
TimeInSeconds:,0.016
ResultCount:,2
QueryID:,778
QueryCluster:,3
TimeInSeconds:,0.367
ResultCount:,10
QueryID:,779
QueryCluster:,4
TimeInSeconds:,0.015
ResultCount:,1
QueryID:,780
QueryCluster:,5
TimeInSeconds:,0.009
ResultCount:,1
QueryID:,781
QueryCluster:,6
TimeInSeconds:,247.073
ResultCount:,10
QueryID:,782
QueryCluster:,7
TimeInSeconds:,0.017
ResultCount:,2
QueryID:,783
QueryCluster:,8
TimeInSeconds:,0.14
ResultCount:,10
QueryID:,784
QueryCluster:,9
TimeInSeconds:,0.068
ResultCount:,10
QueryID:,785
QueryCluster:,10
TimeInSeconds:,0.027
ResultCount:,10
QueryID:,786
QueryCluster:,11
TimeInSeconds:,0.01
ResultCount:,1
QueryID:,787
QueryCluster:,12
TimeInSeconds:,0.01
ResultCount:,2
QueryID:,788
QueryCluster:,13
TimeInSeconds:,0.012
ResultCount:,10
QueryID:,789
QueryCluster:,14
TimeInSeconds:,0.012
ResultCount:,1
QueryID:,790
QueryCluster:,15
TimeInSeconds:,0.011
ResultCount:,10
QueryID:,791
QueryCluster:,16
TimeInSeconds:,0.014
ResultCount:,10
QueryID:,792
QueryCluster:,17
TimeInSeconds:,48.503
ResultCount:,10
QueryID:,793
QueryCluster:,18
TimeInSeconds:,0.018
ResultCount:,1
QueryID:,794
QueryCluster:,19
TimeInSeconds:,0.009
ResultCount:,1
QueryID:,795
QueryCluster:,20
TimeInSeconds:,0.014
ResultCount:,0
QueryID:,796
QueryCluster:,21
TimeInSeconds:,0.233
ResultCount:,10
QueryID:,797
QueryCluster:,22
TimeInSeconds:,0.011
ResultCount:,6
QueryID:,798
QueryCluster:,23
TimeInSeconds:,0.021
ResultCount:,10
QueryID:,799
QueryCluster:,24
TimeInSeconds:,0.013
ResultCount:,10
QueryID:,800
QueryCluster:,25
TimeInSeconds:,0.012
ResultCount:,1
QueryID:,801
QueryCluster:,1
TimeInSeconds:,29.714
ResultCount:,1
QueryID:,802
QueryCluster:,2
TimeInSeconds:,0.016
ResultCount:,4
QueryID:,803
QueryCluster:,3
TimeInSeconds:,0.047
ResultCount:,10
QueryID:,804
QueryCluster:,4
TimeInSeconds:,0.015
ResultCount:,2
QueryID:,805
QueryCluster:,5
TimeInSeconds:,0.009
ResultCount:,1
QueryID:,806
QueryCluster:,6
TimeInSeconds:,249.552
ResultCount:,10
QueryID:,807
QueryCluster:,7
TimeInSeconds:,0.015
ResultCount:,5
QueryID:,808
QueryCluster:,8
TimeInSeconds:,0.014
ResultCount:,10
QueryID:,809
QueryCluster:,9
TimeInSeconds:,0.046
ResultCount:,10
QueryID:,810
QueryCluster:,10
TimeInSeconds:,0.027
ResultCount:,10
QueryID:,811
QueryCluster:,11
TimeInSeconds:,0.011
ResultCount:,1
QueryID:,812
QueryCluster:,12
TimeInSeconds:,0.01
ResultCount:,10
QueryID:,813
QueryCluster:,13
TimeInSeconds:,0.013
ResultCount:,10
QueryID:,814
QueryCluster:,14
TimeInSeconds:,0.012
ResultCount:,2
QueryID:,815
QueryCluster:,15
TimeInSeconds:,0.01
ResultCount:,1
QueryID:,816
QueryCluster:,16
TimeInSeconds:,0.018
ResultCount:,1
QueryID:,817
QueryCluster:,17
TimeInSeconds:,0.012
ResultCount:,5
QueryID:,818
QueryCluster:,18
TimeInSeconds:,0.018
ResultCount:,1
QueryID:,819
QueryCluster:,19
TimeInSeconds:,0.01
ResultCount:,1
QueryID:,820
QueryCluster:,20
TimeInSeconds:,0.02
ResultCount:,0
QueryID:,821
QueryCluster:,21
TimeInSeconds:,0.14
ResultCount:,10
QueryID:,822
QueryCluster:,22
TimeInSeconds:,0.535
ResultCount:,1
QueryID:,823
QueryCluster:,23
TimeInSeconds:,0.207
ResultCount:,10
QueryID:,824
QueryCluster:,24
TimeInSeconds:,0.013
ResultCount:,10
QueryID:,825
QueryCluster:,25
TimeInSeconds:,0.015
ResultCount:,4
QueryID:,826
QueryCluster:,1
TimeInSeconds:,0.013
ResultCount:,10
QueryID:,827
QueryCluster:,2
TimeInSeconds:,0.017
ResultCount:,4
QueryID:,828
QueryCluster:,3
TimeInSeconds:,0.573
ResultCount:,10
QueryID:,829
QueryCluster:,4
TimeInSeconds:,0.016
ResultCount:,2
QueryID:,830
QueryCluster:,5
TimeInSeconds:,0.009
ResultCount:,1
QueryID:,831
QueryCluster:,6
TimeInSeconds:,0.011
ResultCount:,10
QueryID:,832
QueryCluster:,7
TimeInSeconds:,0.023
ResultCount:,2
QueryID:,833
QueryCluster:,8
TimeInSeconds:,0.138
ResultCount:,10
QueryID:,834
QueryCluster:,9
TimeInSeconds:,0.124
ResultCount:,10
QueryID:,835
QueryCluster:,10
TimeInSeconds:,0.026
ResultCount:,10
QueryID:,836
QueryCluster:,11
TimeInSeconds:,0.01
ResultCount:,1
QueryID:,837
QueryCluster:,12
TimeInSeconds:,0.009
ResultCount:,3
QueryID:,838
QueryCluster:,13
TimeInSeconds:,0.014
ResultCount:,10
QueryID:,839
QueryCluster:,14
TimeInSeconds:,0.011
ResultCount:,2
QueryID:,840
QueryCluster:,15
TimeInSeconds:,0.01
ResultCount:,3
QueryID:,841
QueryCluster:,16
TimeInSeconds:,0.014
ResultCount:,10
QueryID:,842
QueryCluster:,17
TimeInSeconds:,0.011
ResultCount:,1
QueryID:,843
QueryCluster:,18
TimeInSeconds:,0.018
ResultCount:,1
QueryID:,844
QueryCluster:,19
TimeInSeconds:,0.01
ResultCount:,1
QueryID:,845
QueryCluster:,20
TimeInSeconds:,0.014
ResultCount:,0
QueryID:,846
QueryCluster:,21
TimeInSeconds:,0.513
ResultCount:,5
QueryID:,847
QueryCluster:,22
TimeInSeconds:,0.027
ResultCount:,1
QueryID:,848
QueryCluster:,23
TimeInSeconds:,0.058
ResultCount:,10
QueryID:,849
QueryCluster:,24
TimeInSeconds:,0.013
ResultCount:,10
QueryID:,850
QueryCluster:,25
TimeInSeconds:,0.013
ResultCount:,1
QueryID:,851
QueryCluster:,1
TimeInSeconds:,0.011
ResultCount:,1
QueryID:,852
QueryCluster:,2
TimeInSeconds:,0.017
ResultCount:,10
QueryID:,853
QueryCluster:,3
TimeInSeconds:,0.254
ResultCount:,10
QueryID:,854
QueryCluster:,4
TimeInSeconds:,0.014
ResultCount:,1
QueryID:,855
QueryCluster:,5
TimeInSeconds:,0.009
ResultCount:,1
QueryID:,856
QueryCluster:,6
TimeInSeconds:,46.965
ResultCount:,4
QueryID:,857
QueryCluster:,7
TimeInSeconds:,0.011
ResultCount:,4
QueryID:,858
QueryCluster:,8
TimeInSeconds:,0.138
ResultCount:,10
QueryID:,859
QueryCluster:,9
TimeInSeconds:,0.212
ResultCount:,10
QueryID:,860
QueryCluster:,10
TimeInSeconds:,0.026
ResultCount:,10
QueryID:,861
QueryCluster:,11
TimeInSeconds:,0.01
ResultCount:,1
QueryID:,862
QueryCluster:,12
TimeInSeconds:,0.009
ResultCount:,6
QueryID:,863
QueryCluster:,13
TimeInSeconds:,0.014
ResultCount:,10
QueryID:,864
QueryCluster:,14
TimeInSeconds:,0.011
ResultCount:,2
QueryID:,865
QueryCluster:,15
TimeInSeconds:,0.01
ResultCount:,1
QueryID:,866
QueryCluster:,16
TimeInSeconds:,0.012
ResultCount:,1
QueryID:,867
QueryCluster:,17
TimeInSeconds:,0.012
ResultCount:,1
QueryID:,868
QueryCluster:,18
TimeInSeconds:,0.017
ResultCount:,1
QueryID:,869
QueryCluster:,19
TimeInSeconds:,0.01
ResultCount:,5
QueryID:,870
QueryCluster:,20
TimeInSeconds:,0.016
ResultCount:,0
QueryID:,871
QueryCluster:,21
TimeInSeconds:,0.036
ResultCount:,10
QueryID:,872
QueryCluster:,22
TimeInSeconds:,0.026
ResultCount:,2
QueryID:,873
QueryCluster:,23
TimeInSeconds:,0.021
ResultCount:,10
QueryID:,874
QueryCluster:,24
TimeInSeconds:,0.012
ResultCount:,10
QueryID:,875
QueryCluster:,25
TimeInSeconds:,0.013
ResultCount:,1
QueryID:,876
QueryCluster:,1
TimeInSeconds:,0.012
ResultCount:,1
QueryID:,877
QueryCluster:,2
TimeInSeconds:,0.014
ResultCount:,2
QueryID:,878
QueryCluster:,3
TimeInSeconds:,0.017
ResultCount:,10
QueryID:,879
QueryCluster:,4
TimeInSeconds:,0.014
ResultCount:,1
QueryID:,880
QueryCluster:,5
TimeInSeconds:,30.047
ResultCount:,3
QueryID:,881
QueryCluster:,6
TimeInSeconds:,0.011
ResultCount:,4
QueryID:,882
QueryCluster:,7
TimeInSeconds:,0.011
ResultCount:,2
QueryID:,883
QueryCluster:,8
TimeInSeconds:,0.145
ResultCount:,10
QueryID:,884
QueryCluster:,9
TimeInSeconds:,0.03
ResultCount:,10
QueryID:,885
QueryCluster:,10
TimeInSeconds:,1.244
ResultCount:,10
QueryID:,886
QueryCluster:,11
TimeInSeconds:,0.01
ResultCount:,1
QueryID:,887
QueryCluster:,12
TimeInSeconds:,0.012
ResultCount:,8
QueryID:,888
QueryCluster:,13
TimeInSeconds:,0.01
ResultCount:,1
QueryID:,889
QueryCluster:,14
TimeInSeconds:,0.013
ResultCount:,2
QueryID:,890
QueryCluster:,15
TimeInSeconds:,0.01
ResultCount:,2
QueryID:,891
QueryCluster:,16
TimeInSeconds:,0.014
ResultCount:,10
QueryID:,892
QueryCluster:,17
TimeInSeconds:,0.02
ResultCount:,10
QueryID:,893
QueryCluster:,18
TimeInSeconds:,0.018
ResultCount:,1
QueryID:,894
QueryCluster:,19
TimeInSeconds:,0.009
ResultCount:,3
QueryID:,895
QueryCluster:,20
TimeInSeconds:,0.014
ResultCount:,0
QueryID:,896
QueryCluster:,21
TimeInSeconds:,0.038
ResultCount:,10
QueryID:,897
QueryCluster:,22
TimeInSeconds:,0.01
ResultCount:,4
QueryID:,898
QueryCluster:,23
TimeInSeconds:,0.211
ResultCount:,10
QueryID:,899
QueryCluster:,24
TimeInSeconds:,0.018
ResultCount:,10
QueryID:,900
QueryCluster:,25
TimeInSeconds:,0.013
ResultCount:,4
QueryID:,901
QueryCluster:,1
TimeInSeconds:,0.011
ResultCount:,10
QueryID:,902
QueryCluster:,2
TimeInSeconds:,0.015
ResultCount:,1
QueryID:,903
QueryCluster:,3
TimeInSeconds:,0.577
ResultCount:,10
QueryID:,904
QueryCluster:,4
TimeInSeconds:,0.017
ResultCount:,8
QueryID:,905
QueryCluster:,5
TimeInSeconds:,0.009
ResultCount:,1
QueryID:,906
QueryCluster:,6
TimeInSeconds:,0.232
ResultCount:,10
QueryID:,907
QueryCluster:,7
TimeInSeconds:,0.017
ResultCount:,8
QueryID:,908
QueryCluster:,8
TimeInSeconds:,0.138
ResultCount:,10
QueryID:,909
QueryCluster:,9
TimeInSeconds:,0.011
ResultCount:,1
QueryID:,910
QueryCluster:,10
TimeInSeconds:,1.228
ResultCount:,10
QueryID:,911
QueryCluster:,11
TimeInSeconds:,0.01
ResultCount:,1
QueryID:,912
QueryCluster:,12
TimeInSeconds:,0.009
ResultCount:,5
QueryID:,913
QueryCluster:,13
TimeInSeconds:,0.011
ResultCount:,10
QueryID:,914
QueryCluster:,14
TimeInSeconds:,0.012
ResultCount:,2
QueryID:,915
QueryCluster:,15
TimeInSeconds:,30.206
ResultCount:,1
QueryID:,916
QueryCluster:,16
TimeInSeconds:,0.012
ResultCount:,6
QueryID:,917
QueryCluster:,17
TimeInSeconds:,0.012
ResultCount:,10
QueryID:,918
QueryCluster:,18
TimeInSeconds:,0.017
ResultCount:,1
QueryID:,919
QueryCluster:,19
TimeInSeconds:,0.011
ResultCount:,10
QueryID:,920
QueryCluster:,20
TimeInSeconds:,0.014
ResultCount:,0
QueryID:,921
QueryCluster:,21
TimeInSeconds:,0.016
ResultCount:,10
QueryID:,922
QueryCluster:,22
TimeInSeconds:,0.027
ResultCount:,1
QueryID:,923
QueryCluster:,23
TimeInSeconds:,0.02
ResultCount:,10
QueryID:,924
QueryCluster:,24
TimeInSeconds:,0.018
ResultCount:,10
QueryID:,925
QueryCluster:,25
TimeInSeconds:,0.014
ResultCount:,10
QueryID:,926
QueryCluster:,1
TimeInSeconds:,0.011
ResultCount:,1
QueryID:,927
QueryCluster:,2
TimeInSeconds:,0.015
ResultCount:,1
QueryID:,928
QueryCluster:,3
TimeInSeconds:,0.017
ResultCount:,10
QueryID:,929
QueryCluster:,4
TimeInSeconds:,0.016
ResultCount:,2
QueryID:,930
QueryCluster:,5
TimeInSeconds:,0.01
ResultCount:,1
QueryID:,931
QueryCluster:,6
TimeInSeconds:,0.01
ResultCount:,10
QueryID:,932
QueryCluster:,7
TimeInSeconds:,0.014
ResultCount:,1
QueryID:,933
QueryCluster:,8
TimeInSeconds:,0.013
ResultCount:,10
QueryID:,934
QueryCluster:,9
TimeInSeconds:,0.116
ResultCount:,10
QueryID:,935
QueryCluster:,10
TimeInSeconds:,0.026
ResultCount:,10
QueryID:,936
QueryCluster:,11
TimeInSeconds:,0.01
ResultCount:,1
QueryID:,937
QueryCluster:,12
TimeInSeconds:,0.009
ResultCount:,8
QueryID:,938
QueryCluster:,13
TimeInSeconds:,0.009
ResultCount:,1
QueryID:,939
QueryCluster:,14
TimeInSeconds:,0.011
ResultCount:,2
QueryID:,940
QueryCluster:,15
TimeInSeconds:,0.009
ResultCount:,3
QueryID:,941
QueryCluster:,16
TimeInSeconds:,0.017
ResultCount:,1
QueryID:,942
QueryCluster:,17
TimeInSeconds:,0.055
ResultCount:,10
QueryID:,943
QueryCluster:,18
TimeInSeconds:,0.018
ResultCount:,1
QueryID:,944
QueryCluster:,19
TimeInSeconds:,0.01
ResultCount:,3
QueryID:,945
QueryCluster:,20
TimeInSeconds:,0.013
ResultCount:,0
QueryID:,946
QueryCluster:,21
TimeInSeconds:,0.015
ResultCount:,10
QueryID:,947
QueryCluster:,22
TimeInSeconds:,0.028
ResultCount:,1
QueryID:,948
QueryCluster:,23
TimeInSeconds:,2.977
ResultCount:,10
QueryID:,949
QueryCluster:,24
TimeInSeconds:,0.018
ResultCount:,10
QueryID:,950
QueryCluster:,25
TimeInSeconds:,0.014
ResultCount:,10
QueryID:,951
QueryCluster:,1
TimeInSeconds:,0.014
ResultCount:,10
QueryID:,952
QueryCluster:,2
TimeInSeconds:,0.014
ResultCount:,1
QueryID:,953
QueryCluster:,3
TimeInSeconds:,0.046
ResultCount:,10
QueryID:,954
QueryCluster:,4
TimeInSeconds:,0.016
ResultCount:,8
QueryID:,955
QueryCluster:,5
TimeInSeconds:,0.009
ResultCount:,1
QueryID:,956
QueryCluster:,6
TimeInSeconds:,0.009
ResultCount:,10
QueryID:,957
QueryCluster:,7
TimeInSeconds:,0.017
ResultCount:,3
QueryID:,958
QueryCluster:,8
TimeInSeconds:,0.138
ResultCount:,10
QueryID:,959
QueryCluster:,9
TimeInSeconds:,0.111
ResultCount:,10
QueryID:,960
QueryCluster:,10
TimeInSeconds:,0.026
ResultCount:,10
QueryID:,961
QueryCluster:,11
TimeInSeconds:,0.01
ResultCount:,1
QueryID:,962
QueryCluster:,12
TimeInSeconds:,0.009
ResultCount:,3
QueryID:,963
QueryCluster:,13
TimeInSeconds:,0.01
ResultCount:,5
QueryID:,964
QueryCluster:,14
TimeInSeconds:,0.011
ResultCount:,2
QueryID:,965
QueryCluster:,15
TimeInSeconds:,0.01
ResultCount:,1
QueryID:,966
QueryCluster:,16
TimeInSeconds:,0.013
ResultCount:,10
QueryID:,967
QueryCluster:,17
TimeInSeconds:,0.657
ResultCount:,1
QueryID:,968
QueryCluster:,18
TimeInSeconds:,0.018
ResultCount:,1
QueryID:,969
QueryCluster:,19
TimeInSeconds:,0.01
ResultCount:,1
QueryID:,970
QueryCluster:,20
TimeInSeconds:,0.014
ResultCount:,0
QueryID:,971
QueryCluster:,21
TimeInSeconds:,0.069
ResultCount:,2
QueryID:,972
QueryCluster:,22
TimeInSeconds:,0.009
ResultCount:,4
QueryID:,973
QueryCluster:,23
TimeInSeconds:,0.058
ResultCount:,10
QueryID:,974
QueryCluster:,24
TimeInSeconds:,0.017
ResultCount:,10
QueryID:,975
QueryCluster:,25
TimeInSeconds:,0.013
ResultCount:,1
QueryID:,976
QueryCluster:,1
TimeInSeconds:,0.01
ResultCount:,3
QueryID:,977
QueryCluster:,2
TimeInSeconds:,0.015
ResultCount:,1
QueryID:,978
QueryCluster:,3
TimeInSeconds:,0.578
ResultCount:,10
QueryID:,979
QueryCluster:,4
TimeInSeconds:,0.015
ResultCount:,1
QueryID:,980
QueryCluster:,5
TimeInSeconds:,0.01
ResultCount:,1
QueryID:,981
QueryCluster:,6
TimeInSeconds:,360.002
ResultCount:,Null
QueryID:,982
QueryCluster:,7
TimeInSeconds:,0.037
ResultCount:,3
QueryID:,983
QueryCluster:,8
TimeInSeconds:,0.215
ResultCount:,10
QueryID:,984
QueryCluster:,9
TimeInSeconds:,139.056
ResultCount:,10
QueryID:,985
QueryCluster:,10
TimeInSeconds:,0.031
ResultCount:,10
QueryID:,986
QueryCluster:,11
TimeInSeconds:,0.01
ResultCount:,1
QueryID:,987
QueryCluster:,12
TimeInSeconds:,0.009
ResultCount:,4
QueryID:,988
QueryCluster:,13
TimeInSeconds:,0.177
ResultCount:,6
QueryID:,989
QueryCluster:,14
TimeInSeconds:,0.011
ResultCount:,2
QueryID:,990
QueryCluster:,15
TimeInSeconds:,0.009
ResultCount:,1
QueryID:,991
QueryCluster:,16
TimeInSeconds:,0.017
ResultCount:,1
QueryID:,992
QueryCluster:,17
TimeInSeconds:,0.013
ResultCount:,5
QueryID:,993
QueryCluster:,18
TimeInSeconds:,0.017
ResultCount:,1
QueryID:,994
QueryCluster:,19
TimeInSeconds:,0.009
ResultCount:,1
QueryID:,995
QueryCluster:,20
TimeInSeconds:,0.013
ResultCount:,0
QueryID:,996
QueryCluster:,21
TimeInSeconds:,0.023
ResultCount:,10
QueryID:,997
QueryCluster:,22
TimeInSeconds:,0.01
ResultCount:,4
QueryID:,998
QueryCluster:,23
TimeInSeconds:,0.024
ResultCount:,10
QueryID:,999
QueryCluster:,24
TimeInSeconds:,0.017
ResultCount:,10
QueryID:,1000
QueryCluster:,25
TimeInSeconds:,0.014
ResultCount:,6
QueryID:,1001
QueryCluster:,1
TimeInSeconds:,0.011
ResultCount:,2
QueryID:,1002
QueryCluster:,2
TimeInSeconds:,0.015
ResultCount:,4
QueryID:,1003
QueryCluster:,3
TimeInSeconds:,0.517
ResultCount:,10
QueryID:,1004
QueryCluster:,4
TimeInSeconds:,0.015
ResultCount:,4
QueryID:,1005
QueryCluster:,5
TimeInSeconds:,0.009
ResultCount:,1
QueryID:,1006
QueryCluster:,6
TimeInSeconds:,327.461
ResultCount:,10
QueryID:,1007
QueryCluster:,7
TimeInSeconds:,0.02
ResultCount:,3
QueryID:,1008
QueryCluster:,8
TimeInSeconds:,0.202
ResultCount:,10
QueryID:,1009
QueryCluster:,9
TimeInSeconds:,0.152
ResultCount:,10
QueryID:,1010
QueryCluster:,10
TimeInSeconds:,0.03
ResultCount:,10
QueryID:,1011
QueryCluster:,11
TimeInSeconds:,0.01
ResultCount:,1
QueryID:,1012
QueryCluster:,12
TimeInSeconds:,0.009
ResultCount:,1
QueryID:,1013
QueryCluster:,13
TimeInSeconds:,0.013
ResultCount:,10
QueryID:,1014
QueryCluster:,14
TimeInSeconds:,1.226
ResultCount:,10
QueryID:,1015
QueryCluster:,15
TimeInSeconds:,0.009
ResultCount:,1
QueryID:,1016
QueryCluster:,16
TimeInSeconds:,0.012
ResultCount:,6
QueryID:,1017
QueryCluster:,17
TimeInSeconds:,0.012
ResultCount:,6
QueryID:,1018
QueryCluster:,18
TimeInSeconds:,0.017
ResultCount:,1
QueryID:,1019
QueryCluster:,19
TimeInSeconds:,0.009
ResultCount:,3
QueryID:,1020
QueryCluster:,20
TimeInSeconds:,0.013
ResultCount:,0
QueryID:,1021
QueryCluster:,21
TimeInSeconds:,0.014
ResultCount:,9
QueryID:,1022
QueryCluster:,22
TimeInSeconds:,0.009
ResultCount:,6
QueryID:,1023
QueryCluster:,23
TimeInSeconds:,0.872
ResultCount:,10
QueryID:,1024
QueryCluster:,24
TimeInSeconds:,0.016
ResultCount:,10
QueryID:,1025
QueryCluster:,25
TimeInSeconds:,0.014
ResultCount:,10
QueryID:,1026
QueryCluster:,1
TimeInSeconds:,0.01
ResultCount:,1
QueryID:,1027
QueryCluster:,2
TimeInSeconds:,0.014
ResultCount:,1
QueryID:,1028
QueryCluster:,3
TimeInSeconds:,2.87
ResultCount:,10
QueryID:,1029
QueryCluster:,4
TimeInSeconds:,0.014
ResultCount:,1
QueryID:,1030
QueryCluster:,5
TimeInSeconds:,0.009
ResultCount:,1
QueryID:,1031
QueryCluster:,6
TimeInSeconds:,332.705
ResultCount:,10
QueryID:,1032
QueryCluster:,7
TimeInSeconds:,0.011
ResultCount:,1
QueryID:,1033
QueryCluster:,8
TimeInSeconds:,0.214
ResultCount:,10
QueryID:,1034
QueryCluster:,9
TimeInSeconds:,0.36
ResultCount:,10
QueryID:,1035
QueryCluster:,10
TimeInSeconds:,1.886
ResultCount:,10
QueryID:,1036
QueryCluster:,11
TimeInSeconds:,0.01
ResultCount:,1
QueryID:,1037
QueryCluster:,12
TimeInSeconds:,0.009
ResultCount:,10
QueryID:,1038
QueryCluster:,13
TimeInSeconds:,0.011
ResultCount:,10
QueryID:,1039
QueryCluster:,14
TimeInSeconds:,0.011
ResultCount:,2
QueryID:,1040
QueryCluster:,15
TimeInSeconds:,0.009
ResultCount:,1
QueryID:,1041
QueryCluster:,16
TimeInSeconds:,0.017
ResultCount:,1
QueryID:,1042
QueryCluster:,17
TimeInSeconds:,0.85
ResultCount:,10
QueryID:,1043
QueryCluster:,18
TimeInSeconds:,0.017
ResultCount:,1
QueryID:,1044
QueryCluster:,19
TimeInSeconds:,0.009
ResultCount:,1
QueryID:,1045
QueryCluster:,20
TimeInSeconds:,0.014
ResultCount:,0
QueryID:,1046
QueryCluster:,21
TimeInSeconds:,0.01
ResultCount:,3
QueryID:,1047
QueryCluster:,22
TimeInSeconds:,0.009
ResultCount:,5
QueryID:,1048
QueryCluster:,23
TimeInSeconds:,0.157
ResultCount:,10
QueryID:,1049
QueryCluster:,24
TimeInSeconds:,0.017
ResultCount:,10
QueryID:,1050
QueryCluster:,25
TimeInSeconds:,0.013
ResultCount:,1
QueryID:,1051
QueryCluster:,1
TimeInSeconds:,0.01
ResultCount:,3
QueryID:,1052
QueryCluster:,2
TimeInSeconds:,0.013
ResultCount:,1
QueryID:,1053
QueryCluster:,3
TimeInSeconds:,0.863
ResultCount:,10
QueryID:,1054
QueryCluster:,4
TimeInSeconds:,0.014
ResultCount:,1
QueryID:,1055
QueryCluster:,5
TimeInSeconds:,0.009
ResultCount:,1
QueryID:,1056
QueryCluster:,6
TimeInSeconds:,334.465
ResultCount:,10
QueryID:,1057
QueryCluster:,7
TimeInSeconds:,0.019
ResultCount:,6
QueryID:,1058
QueryCluster:,8
TimeInSeconds:,0.212
ResultCount:,10
QueryID:,1059
QueryCluster:,9
TimeInSeconds:,0.011
ResultCount:,1
QueryID:,1060
QueryCluster:,10
TimeInSeconds:,0.032
ResultCount:,10
QueryID:,1061
QueryCluster:,11
TimeInSeconds:,0.01
ResultCount:,1
QueryID:,1062
QueryCluster:,12
TimeInSeconds:,0.01
ResultCount:,1
QueryID:,1063
QueryCluster:,13
TimeInSeconds:,0.013
ResultCount:,10
QueryID:,1064
QueryCluster:,14
TimeInSeconds:,0.011
ResultCount:,2
QueryID:,1065
QueryCluster:,15
TimeInSeconds:,3.445
ResultCount:,10
QueryID:,1066
QueryCluster:,16
TimeInSeconds:,0.013
ResultCount:,10
QueryID:,1067
QueryCluster:,17
TimeInSeconds:,0.014
ResultCount:,9
QueryID:,1068
QueryCluster:,18
TimeInSeconds:,0.016
ResultCount:,1
QueryID:,1069
QueryCluster:,19
TimeInSeconds:,0.009
ResultCount:,1
QueryID:,1070
QueryCluster:,20
TimeInSeconds:,0.012
ResultCount:,0
QueryID:,1071
QueryCluster:,21
TimeInSeconds:,0.059
ResultCount:,1
QueryID:,1072
QueryCluster:,22
TimeInSeconds:,0.026
ResultCount:,2
QueryID:,1073
QueryCluster:,23
TimeInSeconds:,0.32
ResultCount:,10
QueryID:,1074
QueryCluster:,24
TimeInSeconds:,0.017
ResultCount:,10
QueryID:,1075
QueryCluster:,25
TimeInSeconds:,0.013
ResultCount:,4
QueryID:,1076
QueryCluster:,1
TimeInSeconds:,0.012
ResultCount:,10
QueryID:,1077
QueryCluster:,2
TimeInSeconds:,0.413
ResultCount:,10
QueryID:,1078
QueryCluster:,3
TimeInSeconds:,0.865
ResultCount:,10
QueryID:,1079
QueryCluster:,4
TimeInSeconds:,0.015
ResultCount:,1
QueryID:,1080
QueryCluster:,5
TimeInSeconds:,0.009
ResultCount:,1
QueryID:,1081
QueryCluster:,6
TimeInSeconds:,0.01
ResultCount:,10
QueryID:,1082
QueryCluster:,7
TimeInSeconds:,0.018
ResultCount:,10
QueryID:,1083
QueryCluster:,8
TimeInSeconds:,0.214
ResultCount:,10
QueryID:,1084
QueryCluster:,9
TimeInSeconds:,0.016
ResultCount:,10
QueryID:,1085
QueryCluster:,10
TimeInSeconds:,0.032
ResultCount:,10
QueryID:,1086
QueryCluster:,11
TimeInSeconds:,0.009
ResultCount:,1
QueryID:,1087
QueryCluster:,12
TimeInSeconds:,0.009
ResultCount:,3
QueryID:,1088
QueryCluster:,13
TimeInSeconds:,0.009
ResultCount:,1
QueryID:,1089
QueryCluster:,14
TimeInSeconds:,1.281
ResultCount:,10
QueryID:,1090
QueryCluster:,15
TimeInSeconds:,32.2
ResultCount:,8
QueryID:,1091
QueryCluster:,16
TimeInSeconds:,0.016
ResultCount:,1
QueryID:,1092
QueryCluster:,17
TimeInSeconds:,1.648
ResultCount:,10
QueryID:,1093
QueryCluster:,18
TimeInSeconds:,0.017
ResultCount:,1
QueryID:,1094
QueryCluster:,19
TimeInSeconds:,0.009
ResultCount:,1
QueryID:,1095
QueryCluster:,20
TimeInSeconds:,0.015
ResultCount:,0
QueryID:,1096
QueryCluster:,21
TimeInSeconds:,0.29
ResultCount:,1
QueryID:,1097
QueryCluster:,22
TimeInSeconds:,0.026
ResultCount:,1
QueryID:,1098
QueryCluster:,23
TimeInSeconds:,0.153
ResultCount:,10
QueryID:,1099
QueryCluster:,24
TimeInSeconds:,0.017
ResultCount:,10
QueryID:,1100
QueryCluster:,25
TimeInSeconds:,0.012
ResultCount:,1
QueryID:,1101
QueryCluster:,1
TimeInSeconds:,0.012
ResultCount:,10
QueryID:,1102
QueryCluster:,2
TimeInSeconds:,0.014
ResultCount:,1
QueryID:,1103
QueryCluster:,3
TimeInSeconds:,0.536
ResultCount:,10
QueryID:,1104
QueryCluster:,4
TimeInSeconds:,0.014
ResultCount:,2
QueryID:,1105
QueryCluster:,5
TimeInSeconds:,0.009
ResultCount:,1
QueryID:,1106
QueryCluster:,6
TimeInSeconds:,0.01
ResultCount:,10
QueryID:,1107
QueryCluster:,7
TimeInSeconds:,0.017
ResultCount:,4
QueryID:,1108
QueryCluster:,8
TimeInSeconds:,0.214
ResultCount:,10
QueryID:,1109
QueryCluster:,9
TimeInSeconds:,1.864
ResultCount:,10
QueryID:,1110
QueryCluster:,10
TimeInSeconds:,0.031
ResultCount:,10
QueryID:,1111
QueryCluster:,11
TimeInSeconds:,0.01
ResultCount:,1
QueryID:,1112
QueryCluster:,12
TimeInSeconds:,0.009
ResultCount:,1
QueryID:,1113
QueryCluster:,13
TimeInSeconds:,0.013
ResultCount:,10
QueryID:,1114
QueryCluster:,14
TimeInSeconds:,0.011
ResultCount:,2
QueryID:,1115
QueryCluster:,15
TimeInSeconds:,0.009
ResultCount:,4
QueryID:,1116
QueryCluster:,16
TimeInSeconds:,0.011
ResultCount:,1
QueryID:,1117
QueryCluster:,17
TimeInSeconds:,0.024
ResultCount:,10
QueryID:,1118
QueryCluster:,18
TimeInSeconds:,0.017
ResultCount:,1
QueryID:,1119
QueryCluster:,19
TimeInSeconds:,0.009
ResultCount:,1
QueryID:,1120
QueryCluster:,20
TimeInSeconds:,0.013
ResultCount:,0
QueryID:,1121
QueryCluster:,21
TimeInSeconds:,0.091
ResultCount:,2
QueryID:,1122
QueryCluster:,22
TimeInSeconds:,0.01
ResultCount:,5
QueryID:,1123
QueryCluster:,23
TimeInSeconds:,0.441
ResultCount:,10
QueryID:,1124
QueryCluster:,24
TimeInSeconds:,0.016
ResultCount:,10
QueryID:,1125
QueryCluster:,25
TimeInSeconds:,0.013
ResultCount:,4
QueryID:,1126
QueryCluster:,1
TimeInSeconds:,0.011
ResultCount:,10
QueryID:,1127
QueryCluster:,2
TimeInSeconds:,5.726
ResultCount:,10
QueryID:,1128
QueryCluster:,3
TimeInSeconds:,0.543
ResultCount:,10
QueryID:,1129
QueryCluster:,4
TimeInSeconds:,0.014
ResultCount:,1
QueryID:,1130
QueryCluster:,5
TimeInSeconds:,0.009
ResultCount:,1
QueryID:,1131
QueryCluster:,6
TimeInSeconds:,0.01
ResultCount:,10
QueryID:,1132
QueryCluster:,7
TimeInSeconds:,0.011
ResultCount:,2
QueryID:,1133
QueryCluster:,8
TimeInSeconds:,0.213
ResultCount:,10
QueryID:,1134
QueryCluster:,9
TimeInSeconds:,0.009
ResultCount:,0
QueryID:,1135
QueryCluster:,10
TimeInSeconds:,0.032
ResultCount:,10
QueryID:,1136
QueryCluster:,11
TimeInSeconds:,0.01
ResultCount:,1
QueryID:,1137
QueryCluster:,12
TimeInSeconds:,0.009
ResultCount:,2
QueryID:,1138
QueryCluster:,13
TimeInSeconds:,0.011
ResultCount:,10
QueryID:,1139
QueryCluster:,14
TimeInSeconds:,0.019
ResultCount:,10
QueryID:,1140
QueryCluster:,15
TimeInSeconds:,0.009
ResultCount:,2
QueryID:,1141
QueryCluster:,16
TimeInSeconds:,0.016
ResultCount:,1
QueryID:,1142
QueryCluster:,17
TimeInSeconds:,0.108
ResultCount:,1
QueryID:,1143
QueryCluster:,18
TimeInSeconds:,0.016
ResultCount:,1
QueryID:,1144
QueryCluster:,19
TimeInSeconds:,0.009
ResultCount:,3
QueryID:,1145
QueryCluster:,20
TimeInSeconds:,0.013
ResultCount:,0
QueryID:,1146
QueryCluster:,21
TimeInSeconds:,0.016
ResultCount:,10
QueryID:,1147
QueryCluster:,22
TimeInSeconds:,0.009
ResultCount:,5
QueryID:,1148
QueryCluster:,23
TimeInSeconds:,0.171
ResultCount:,10
QueryID:,1149
QueryCluster:,24
TimeInSeconds:,0.016
ResultCount:,10
QueryID:,1150
QueryCluster:,25
TimeInSeconds:,0.012
ResultCount:,1
QueryID:,1151
QueryCluster:,1
TimeInSeconds:,0.011
ResultCount:,10
QueryID:,1152
QueryCluster:,2
TimeInSeconds:,0.015
ResultCount:,4
QueryID:,1153
QueryCluster:,3
TimeInSeconds:,0.483
ResultCount:,10
QueryID:,1154
QueryCluster:,4
TimeInSeconds:,0.014
ResultCount:,1
QueryID:,1155
QueryCluster:,5
TimeInSeconds:,0.009
ResultCount:,1
QueryID:,1156
QueryCluster:,6
TimeInSeconds:,292.767
ResultCount:,10
QueryID:,1157
QueryCluster:,7
TimeInSeconds:,0.014
ResultCount:,7
QueryID:,1158
QueryCluster:,8
TimeInSeconds:,0.136
ResultCount:,10
QueryID:,1159
QueryCluster:,9
TimeInSeconds:,127.245
ResultCount:,10
QueryID:,1160
QueryCluster:,10
TimeInSeconds:,0.026
ResultCount:,10
QueryID:,1161
QueryCluster:,11
TimeInSeconds:,0.009
ResultCount:,1
QueryID:,1162
QueryCluster:,12
TimeInSeconds:,0.01
ResultCount:,1
QueryID:,1163
QueryCluster:,13
TimeInSeconds:,0.013
ResultCount:,10
QueryID:,1164
QueryCluster:,14
TimeInSeconds:,0.01
ResultCount:,2
QueryID:,1165
QueryCluster:,15
TimeInSeconds:,0.009
ResultCount:,1
QueryID:,1166
QueryCluster:,16
TimeInSeconds:,0.013
ResultCount:,10
QueryID:,1167
QueryCluster:,17
TimeInSeconds:,0.645
ResultCount:,1
QueryID:,1168
QueryCluster:,18
TimeInSeconds:,0.016
ResultCount:,1
QueryID:,1169
QueryCluster:,19
TimeInSeconds:,0.009
ResultCount:,1
QueryID:,1170
QueryCluster:,20
TimeInSeconds:,0.012
ResultCount:,0
QueryID:,1171
QueryCluster:,21
TimeInSeconds:,0.038
ResultCount:,3
QueryID:,1172
QueryCluster:,22
TimeInSeconds:,0.009
ResultCount:,2
QueryID:,1173
QueryCluster:,23
TimeInSeconds:,0.02
ResultCount:,10
QueryID:,1174
QueryCluster:,24
TimeInSeconds:,0.016
ResultCount:,10
QueryID:,1175
QueryCluster:,25
TimeInSeconds:,0.012
ResultCount:,4
QueryID:,1176
QueryCluster:,1
TimeInSeconds:,0.01
ResultCount:,3
QueryID:,1177
QueryCluster:,2
TimeInSeconds:,0.014
ResultCount:,4
QueryID:,1178
QueryCluster:,3
TimeInSeconds:,0.256
ResultCount:,10
QueryID:,1179
QueryCluster:,4
TimeInSeconds:,0.014
ResultCount:,2
QueryID:,1180
QueryCluster:,5
TimeInSeconds:,0.009
ResultCount:,1
QueryID:,1181
QueryCluster:,6
TimeInSeconds:,0.016
ResultCount:,10
QueryID:,1182
QueryCluster:,7
TimeInSeconds:,0.016
ResultCount:,4
QueryID:,1183
QueryCluster:,8
TimeInSeconds:,0.013
ResultCount:,10
QueryID:,1184
QueryCluster:,9
TimeInSeconds:,0.009
ResultCount:,0
QueryID:,1185
QueryCluster:,10
TimeInSeconds:,0.025
ResultCount:,10
QueryID:,1186
QueryCluster:,11
TimeInSeconds:,0.01
ResultCount:,1
QueryID:,1187
QueryCluster:,12
TimeInSeconds:,0.009
ResultCount:,3
QueryID:,1188
QueryCluster:,13
TimeInSeconds:,0.011
ResultCount:,10
QueryID:,1189
QueryCluster:,14
TimeInSeconds:,0.011
ResultCount:,1
QueryID:,1190
QueryCluster:,15
TimeInSeconds:,0.009
ResultCount:,1
QueryID:,1191
QueryCluster:,16
TimeInSeconds:,0.011
ResultCount:,1
QueryID:,1192
QueryCluster:,17
TimeInSeconds:,0.025
ResultCount:,10
QueryID:,1193
QueryCluster:,18
TimeInSeconds:,0.017
ResultCount:,1
QueryID:,1194
QueryCluster:,19
TimeInSeconds:,0.008
ResultCount:,1
QueryID:,1195
QueryCluster:,20
TimeInSeconds:,0.014
ResultCount:,0
QueryID:,1196
QueryCluster:,21
TimeInSeconds:,0.012
ResultCount:,1
QueryID:,1197
QueryCluster:,22
TimeInSeconds:,0.01
ResultCount:,4
QueryID:,1198
QueryCluster:,23
TimeInSeconds:,104.258
ResultCount:,10
QueryID:,1199
QueryCluster:,24
TimeInSeconds:,0.017
ResultCount:,10
QueryID:,1200
QueryCluster:,25
TimeInSeconds:,0.013
ResultCount:,0
QueryID:,1201
QueryCluster:,1
TimeInSeconds:,0.012
ResultCount:,9
QueryID:,1202
QueryCluster:,2
TimeInSeconds:,0.014
ResultCount:,1
QueryID:,1203
QueryCluster:,3
TimeInSeconds:,0.016
ResultCount:,10
QueryID:,1204
QueryCluster:,4
TimeInSeconds:,0.014
ResultCount:,1
QueryID:,1205
QueryCluster:,5
TimeInSeconds:,0.009
ResultCount:,1
QueryID:,1206
QueryCluster:,6
TimeInSeconds:,0.01
ResultCount:,3
QueryID:,1207
QueryCluster:,7
TimeInSeconds:,0.01
ResultCount:,8
QueryID:,1208
QueryCluster:,8
TimeInSeconds:,0.137
ResultCount:,10
QueryID:,1209
QueryCluster:,9
TimeInSeconds:,0.011
ResultCount:,10
QueryID:,1210
QueryCluster:,10
TimeInSeconds:,1.227
ResultCount:,10
QueryID:,1211
QueryCluster:,11
TimeInSeconds:,0.01
ResultCount:,1
QueryID:,1212
QueryCluster:,12
TimeInSeconds:,0.01
ResultCount:,3
QueryID:,1213
QueryCluster:,13
TimeInSeconds:,0.013
ResultCount:,10
QueryID:,1214
QueryCluster:,14
TimeInSeconds:,0.011
ResultCount:,2
QueryID:,1215
QueryCluster:,15
TimeInSeconds:,0.009
ResultCount:,5
QueryID:,1216
QueryCluster:,16
TimeInSeconds:,0.012
ResultCount:,10
QueryID:,1217
QueryCluster:,17
TimeInSeconds:,0.045
ResultCount:,10
QueryID:,1218
QueryCluster:,18
TimeInSeconds:,0.017
ResultCount:,1
QueryID:,1219
QueryCluster:,19
TimeInSeconds:,0.008
ResultCount:,3
QueryID:,1220
QueryCluster:,20
TimeInSeconds:,0.012
ResultCount:,0
QueryID:,1221
QueryCluster:,21
TimeInSeconds:,0.279
ResultCount:,6
QueryID:,1222
QueryCluster:,22
TimeInSeconds:,0.009
ResultCount:,4
QueryID:,1223
QueryCluster:,23
TimeInSeconds:,0.212
ResultCount:,10
QueryID:,1224
QueryCluster:,24
TimeInSeconds:,0.017
ResultCount:,10
QueryID:,1225
QueryCluster:,25
TimeInSeconds:,0.012
ResultCount:,1
QueryID:,1226
QueryCluster:,1
TimeInSeconds:,0.01
ResultCount:,2
QueryID:,1227
QueryCluster:,2
TimeInSeconds:,0.013
ResultCount:,1
QueryID:,1228
QueryCluster:,3
TimeInSeconds:,0.366
ResultCount:,10
QueryID:,1229
QueryCluster:,4
TimeInSeconds:,0.014
ResultCount:,4
QueryID:,1230
QueryCluster:,5
TimeInSeconds:,0.009
ResultCount:,1
QueryID:,1231
QueryCluster:,6
TimeInSeconds:,299.412
ResultCount:,10
QueryID:,1232
QueryCluster:,7
TimeInSeconds:,0.022
ResultCount:,1
QueryID:,1233
QueryCluster:,8
TimeInSeconds:,0.138
ResultCount:,10
QueryID:,1234
QueryCluster:,9
TimeInSeconds:,0.027
ResultCount:,10
QueryID:,1235
QueryCluster:,10
TimeInSeconds:,0.026
ResultCount:,10
QueryID:,1236
QueryCluster:,11
TimeInSeconds:,0.01
ResultCount:,1
QueryID:,1237
QueryCluster:,12
TimeInSeconds:,0.009
ResultCount:,2
QueryID:,1238
QueryCluster:,13
TimeInSeconds:,0.013
ResultCount:,10
QueryID:,1239
QueryCluster:,14
TimeInSeconds:,0.011
ResultCount:,2
QueryID:,1240
QueryCluster:,15
TimeInSeconds:,7.509
ResultCount:,10
QueryID:,1241
QueryCluster:,16
TimeInSeconds:,0.012
ResultCount:,6
QueryID:,1242
QueryCluster:,17
TimeInSeconds:,0.551
ResultCount:,2
QueryID:,1243
QueryCluster:,18
TimeInSeconds:,0.017
ResultCount:,1
QueryID:,1244
QueryCluster:,19
TimeInSeconds:,0.01
ResultCount:,1
QueryID:,1245
QueryCluster:,20
TimeInSeconds:,0.015
ResultCount:,0
QueryID:,1246
QueryCluster:,21
TimeInSeconds:,0.074
ResultCount:,1
QueryID:,1247
QueryCluster:,22
TimeInSeconds:,0.01
ResultCount:,6
QueryID:,1248
QueryCluster:,23
TimeInSeconds:,0.642
ResultCount:,10
QueryID:,1249
QueryCluster:,24
TimeInSeconds:,0.016
ResultCount:,10
QueryID:,1250
QueryCluster:,25
TimeInSeconds:,0.013
ResultCount:,4
QueryID:,1251
QueryCluster:,1
TimeInSeconds:,0.014
ResultCount:,10
QueryID:,1252
QueryCluster:,2
TimeInSeconds:,0.013
ResultCount:,1
QueryID:,1253
QueryCluster:,3
TimeInSeconds:,17.723
ResultCount:,10
QueryID:,1254
QueryCluster:,4
TimeInSeconds:,0.013
ResultCount:,2
QueryID:,1255
QueryCluster:,5
TimeInSeconds:,0.009
ResultCount:,1
QueryID:,1256
QueryCluster:,6
TimeInSeconds:,0.02
ResultCount:,10
QueryID:,1257
QueryCluster:,7
TimeInSeconds:,0.01
ResultCount:,2
QueryID:,1258
QueryCluster:,8
TimeInSeconds:,0.138
ResultCount:,10
QueryID:,1259
QueryCluster:,9
TimeInSeconds:,0.014
ResultCount:,1
QueryID:,1260
QueryCluster:,10
TimeInSeconds:,1.236
ResultCount:,10
QueryID:,1261
QueryCluster:,11
TimeInSeconds:,0.01
ResultCount:,1
QueryID:,1262
QueryCluster:,12
TimeInSeconds:,0.009
ResultCount:,2
QueryID:,1263
QueryCluster:,13
TimeInSeconds:,0.01
ResultCount:,1
QueryID:,1264
QueryCluster:,14
TimeInSeconds:,0.01
ResultCount:,2
QueryID:,1265
QueryCluster:,15
TimeInSeconds:,0.009
ResultCount:,1
QueryID:,1266
QueryCluster:,16
TimeInSeconds:,0.012
ResultCount:,10
QueryID:,1267
QueryCluster:,17
TimeInSeconds:,0.555
ResultCount:,1
QueryID:,1268
QueryCluster:,18
TimeInSeconds:,0.016
ResultCount:,1
QueryID:,1269
QueryCluster:,19
TimeInSeconds:,0.009
ResultCount:,1
QueryID:,1270
QueryCluster:,20
TimeInSeconds:,0.014
ResultCount:,0
QueryID:,1271
QueryCluster:,21
TimeInSeconds:,0.251
ResultCount:,10
QueryID:,1272
QueryCluster:,22
TimeInSeconds:,0.011
ResultCount:,10
QueryID:,1273
QueryCluster:,23
TimeInSeconds:,0.675
ResultCount:,10
QueryID:,1274
QueryCluster:,24
TimeInSeconds:,0.016
ResultCount:,10
QueryID:,1275
QueryCluster:,25
TimeInSeconds:,0.012
ResultCount:,3
QueryID:,1276
QueryCluster:,1
TimeInSeconds:,23.466
ResultCount:,10
QueryID:,1277
QueryCluster:,2
TimeInSeconds:,0.013
ResultCount:,1
QueryID:,1278
QueryCluster:,3
TimeInSeconds:,0.489
ResultCount:,10
QueryID:,1279
QueryCluster:,4
TimeInSeconds:,0.014
ResultCount:,1
QueryID:,1280
QueryCluster:,5
TimeInSeconds:,0.009
ResultCount:,1
QueryID:,1281
QueryCluster:,6
TimeInSeconds:,0.009
ResultCount:,10
QueryID:,1282
QueryCluster:,7
TimeInSeconds:,0.011
ResultCount:,2
QueryID:,1283
QueryCluster:,8
TimeInSeconds:,0.138
ResultCount:,10
QueryID:,1284
QueryCluster:,9
TimeInSeconds:,0.024
ResultCount:,9
QueryID:,1285
QueryCluster:,10
TimeInSeconds:,0.025
ResultCount:,10
QueryID:,1286
QueryCluster:,11
TimeInSeconds:,0.01
ResultCount:,1
QueryID:,1287
QueryCluster:,12
TimeInSeconds:,0.01
ResultCount:,3
QueryID:,1288
QueryCluster:,13
TimeInSeconds:,0.009
ResultCount:,1
QueryID:,1289
QueryCluster:,14
TimeInSeconds:,0.011
ResultCount:,2
QueryID:,1290
QueryCluster:,15
TimeInSeconds:,0.009
ResultCount:,1
QueryID:,1291
QueryCluster:,16
TimeInSeconds:,0.011
ResultCount:,1
QueryID:,1292
QueryCluster:,17
TimeInSeconds:,0.016
ResultCount:,10
QueryID:,1293
QueryCluster:,18
TimeInSeconds:,0.016
ResultCount:,1
QueryID:,1294
QueryCluster:,19
TimeInSeconds:,0.009
ResultCount:,1
QueryID:,1295
QueryCluster:,20
TimeInSeconds:,0.014
ResultCount:,0
QueryID:,1296
QueryCluster:,21
TimeInSeconds:,0.27
ResultCount:,10
QueryID:,1297
QueryCluster:,22
TimeInSeconds:,0.012
ResultCount:,10
QueryID:,1298
QueryCluster:,23
TimeInSeconds:,0.644
ResultCount:,10
QueryID:,1299
QueryCluster:,24
TimeInSeconds:,0.016
ResultCount:,10
QueryID:,1300
QueryCluster:,25
TimeInSeconds:,0.012
ResultCount:,4
QueryID:,1301
QueryCluster:,1
TimeInSeconds:,0.011
ResultCount:,10
QueryID:,1302
QueryCluster:,2
TimeInSeconds:,0.013
ResultCount:,1
QueryID:,1303
QueryCluster:,3
TimeInSeconds:,0.582
ResultCount:,10
QueryID:,1304
QueryCluster:,4
TimeInSeconds:,0.014
ResultCount:,2
QueryID:,1305
QueryCluster:,5
TimeInSeconds:,0.009
ResultCount:,1
QueryID:,1306
QueryCluster:,6
TimeInSeconds:,242.029
ResultCount:,10
QueryID:,1307
QueryCluster:,7
TimeInSeconds:,0.01
ResultCount:,2
QueryID:,1308
QueryCluster:,8
TimeInSeconds:,0.137
ResultCount:,10
QueryID:,1309
QueryCluster:,9
TimeInSeconds:,0.024
ResultCount:,9
QueryID:,1310
QueryCluster:,10
TimeInSeconds:,0.025
ResultCount:,10
QueryID:,1311
QueryCluster:,11
TimeInSeconds:,0.009
ResultCount:,1
QueryID:,1312
QueryCluster:,12
TimeInSeconds:,0.009
ResultCount:,3
QueryID:,1313
QueryCluster:,13
TimeInSeconds:,0.009
ResultCount:,6
QueryID:,1314
QueryCluster:,14
TimeInSeconds:,0.01
ResultCount:,2
QueryID:,1315
QueryCluster:,15
TimeInSeconds:,0.009
ResultCount:,1
QueryID:,1316
QueryCluster:,16
TimeInSeconds:,0.012
ResultCount:,10
QueryID:,1317
QueryCluster:,17
TimeInSeconds:,0.033
ResultCount:,3
QueryID:,1318
QueryCluster:,18
TimeInSeconds:,0.016
ResultCount:,1
QueryID:,1319
QueryCluster:,19
TimeInSeconds:,0.01
ResultCount:,10
QueryID:,1320
QueryCluster:,20
TimeInSeconds:,0.013
ResultCount:,0
QueryID:,1321
QueryCluster:,21
TimeInSeconds:,0.029
ResultCount:,4
QueryID:,1322
QueryCluster:,22
TimeInSeconds:,0.025
ResultCount:,2
QueryID:,1323
QueryCluster:,23
TimeInSeconds:,0.649
ResultCount:,1
QueryID:,1324
QueryCluster:,24
TimeInSeconds:,0.016
ResultCount:,10
QueryID:,1325
QueryCluster:,25
TimeInSeconds:,0.011
ResultCount:,2
QueryID:,1326
QueryCluster:,1
TimeInSeconds:,0.01
ResultCount:,2
QueryID:,1327
QueryCluster:,2
TimeInSeconds:,0.013
ResultCount:,1
QueryID:,1328
QueryCluster:,3
TimeInSeconds:,0.336
ResultCount:,10
QueryID:,1329
QueryCluster:,4
TimeInSeconds:,0.014
ResultCount:,2
QueryID:,1330
QueryCluster:,5
TimeInSeconds:,0.01
ResultCount:,10
QueryID:,1331
QueryCluster:,6
TimeInSeconds:,0.009
ResultCount:,10
QueryID:,1332
QueryCluster:,7
TimeInSeconds:,0.016
ResultCount:,4
QueryID:,1333
QueryCluster:,8
TimeInSeconds:,0.137
ResultCount:,10
QueryID:,1334
QueryCluster:,9
TimeInSeconds:,0.36
ResultCount:,10
QueryID:,1335
QueryCluster:,10
TimeInSeconds:,10.075
ResultCount:,10
QueryID:,1336
QueryCluster:,11
TimeInSeconds:,0.01
ResultCount:,1
QueryID:,1337
QueryCluster:,12
TimeInSeconds:,0.009
ResultCount:,1
QueryID:,1338
QueryCluster:,13
TimeInSeconds:,0.013
ResultCount:,10
QueryID:,1339
QueryCluster:,14
TimeInSeconds:,0.011
ResultCount:,2
QueryID:,1340
QueryCluster:,15
TimeInSeconds:,31.574
ResultCount:,1
QueryID:,1341
QueryCluster:,16
TimeInSeconds:,0.012
ResultCount:,6
QueryID:,1342
QueryCluster:,17
TimeInSeconds:,3.44
ResultCount:,1
QueryID:,1343
QueryCluster:,18
TimeInSeconds:,0.017
ResultCount:,1
QueryID:,1344
QueryCluster:,19
TimeInSeconds:,0.009
ResultCount:,3
QueryID:,1345
QueryCluster:,20
TimeInSeconds:,0.013
ResultCount:,0
QueryID:,1346
QueryCluster:,21
TimeInSeconds:,0.228
ResultCount:,1
QueryID:,1347
QueryCluster:,22
TimeInSeconds:,0.009
ResultCount:,4
QueryID:,1348
QueryCluster:,23
TimeInSeconds:,0.634
ResultCount:,10
QueryID:,1349
QueryCluster:,24
TimeInSeconds:,0.016
ResultCount:,10
QueryID:,1350
QueryCluster:,25
TimeInSeconds:,0.011
ResultCount:,1
QueryID:,1351
QueryCluster:,1
TimeInSeconds:,0.009
ResultCount:,1
QueryID:,1352
QueryCluster:,2
TimeInSeconds:,0.014
ResultCount:,2
QueryID:,1353
QueryCluster:,3
TimeInSeconds:,0.016
ResultCount:,10
QueryID:,1354
QueryCluster:,4
TimeInSeconds:,0.015
ResultCount:,8
QueryID:,1355
QueryCluster:,5
TimeInSeconds:,0.009
ResultCount:,1
QueryID:,1356
QueryCluster:,6
TimeInSeconds:,234.082
ResultCount:,10
QueryID:,1357
QueryCluster:,7
TimeInSeconds:,0.021
ResultCount:,0
QueryID:,1358
QueryCluster:,8
TimeInSeconds:,0.137
ResultCount:,10
QueryID:,1359
QueryCluster:,9
TimeInSeconds:,127.376
ResultCount:,10
QueryID:,1360
QueryCluster:,10
TimeInSeconds:,0.025
ResultCount:,10
QueryID:,1361
QueryCluster:,11
TimeInSeconds:,0.01
ResultCount:,1
QueryID:,1362
QueryCluster:,12
TimeInSeconds:,0.009
ResultCount:,1
QueryID:,1363
QueryCluster:,13
TimeInSeconds:,0.012
ResultCount:,10
QueryID:,1364
QueryCluster:,14
TimeInSeconds:,0.011
ResultCount:,2
QueryID:,1365
QueryCluster:,15
TimeInSeconds:,0.008
ResultCount:,2
QueryID:,1366
QueryCluster:,16
TimeInSeconds:,0.012
ResultCount:,10
QueryID:,1367
QueryCluster:,17
TimeInSeconds:,0.057
ResultCount:,10
QueryID:,1368
QueryCluster:,18
TimeInSeconds:,0.016
ResultCount:,1
QueryID:,1369
QueryCluster:,19
TimeInSeconds:,0.01
ResultCount:,10
QueryID:,1370
QueryCluster:,20
TimeInSeconds:,0.013
ResultCount:,0
QueryID:,1371
QueryCluster:,21
TimeInSeconds:,0.157
ResultCount:,1
QueryID:,1372
QueryCluster:,22
TimeInSeconds:,0.009
ResultCount:,4
QueryID:,1373
QueryCluster:,23
TimeInSeconds:,0.212
ResultCount:,10
QueryID:,1374
QueryCluster:,24
TimeInSeconds:,0.016
ResultCount:,10
QueryID:,1375
QueryCluster:,25
TimeInSeconds:,0.014
ResultCount:,10
